Started GET "/" for 127.0.0.1 at 2021-12-25 19:51:55 +0530
  [1m[35m (1.4ms)[0m  [1m[34mSELECT sqlite_version(*)[0m
Processing by Rails::WelcomeController#index as HTML
  Rendering /home/in-lt-93/.rvm/gems/ruby-3.0.0/gems/railties-7.0.0/lib/rails/templates/rails/welcome/index.html.erb
  Rendered /home/in-lt-93/.rvm/gems/ruby-3.0.0/gems/railties-7.0.0/lib/rails/templates/rails/welcome/index.html.erb (Duration: 2.1ms | Allocations: 725)
Completed 200 OK in 13ms (Views: 5.8ms | ActiveRecord: 0.0ms | Allocations: 6986)


Started GET "/" for 127.0.0.1 at 2021-12-25 19:52:42 +0530
  [1m[35m (0.4ms)[0m  [1m[34mSELECT sqlite_version(*)[0m
Processing by Rails::WelcomeController#index as HTML
  Rendering /home/in-lt-93/.rvm/gems/ruby-3.0.0/gems/railties-7.0.0/lib/rails/templates/rails/welcome/index.html.erb
  Rendered /home/in-lt-93/.rvm/gems/ruby-3.0.0/gems/railties-7.0.0/lib/rails/templates/rails/welcome/index.html.erb (Duration: 1.2ms | Allocations: 621)
Completed 200 OK in 10ms (Views: 3.0ms | ActiveRecord: 0.0ms | Allocations: 5724)


Started GET "/" for 127.0.0.1 at 2021-12-25 19:52:47 +0530
Processing by Rails::WelcomeController#index as HTML
  Rendering /home/in-lt-93/.rvm/gems/ruby-3.0.0/gems/railties-7.0.0/lib/rails/templates/rails/welcome/index.html.erb
  Rendered /home/in-lt-93/.rvm/gems/ruby-3.0.0/gems/railties-7.0.0/lib/rails/templates/rails/welcome/index.html.erb (Duration: 1.4ms | Allocations: 354)
Completed 200 OK in 4ms (Views: 3.1ms | ActiveRecord: 0.0ms | Allocations: 1228)


Started GET "/" for 127.0.0.1 at 2021-12-25 19:54:54 +0530
Processing by HelloController#index as HTML
  Rendering layout layouts/application.html.erb
  Rendering hello/index.html.erb within layouts/application
  Rendered hello/index.html.erb within layouts/application (Duration: 0.5ms | Allocations: 132)
  Rendered layout layouts/application.html.erb (Duration: 291.1ms | Allocations: 96517)
Completed 200 OK in 314ms (Views: 311.0ms | Allocations: 97626)


Started GET "/search" for 127.0.0.1 at 2021-12-25 19:55:04 +0530
Processing by SearchController#index as HTML
  Rendering layout layouts/application.html.erb
  Rendering search/index.html.erb within layouts/application
  Rendered search/index.html.erb within layouts/application (Duration: 0.7ms | Allocations: 131)
  Rendered layout layouts/application.html.erb (Duration: 3.2ms | Allocations: 2522)
Completed 200 OK in 7ms (Views: 6.4ms | Allocations: 3395)


Started GET "/search" for 127.0.0.1 at 2021-12-25 19:56:14 +0530
  [1m[35m (0.9ms)[0m  [1m[34mSELECT sqlite_version(*)[0m
Processing by SearchController#index as HTML
  Rendering layout layouts/application.html.erb
  Rendering search/index.html.erb within layouts/application
  Rendered search/index.html.erb within layouts/application (Duration: 0.8ms | Allocations: 375)
  Rendered layout layouts/application.html.erb (Duration: 81.7ms | Allocations: 36896)
Completed 200 OK in 89ms (Views: 83.5ms | ActiveRecord: 0.0ms | Allocations: 42153)


Started GET "/search" for 127.0.0.1 at 2021-12-25 19:56:45 +0530
Processing by SearchController#index as HTML
  Rendering layout layouts/application.html.erb
  Rendering search/index.html.erb within layouts/application
  Rendered search/index.html.erb within layouts/application (Duration: 0.6ms | Allocations: 140)
  Rendered layout layouts/application.html.erb (Duration: 4.2ms | Allocations: 2714)
Completed 200 OK in 7ms (Views: 6.1ms | ActiveRecord: 0.0ms | Allocations: 3738)


Started GET "/search" for 127.0.0.1 at 2021-12-25 20:00:13 +0530
Processing by SearchController#index as HTML
  Rendering layout layouts/application.html.erb
  Rendering search/index.html.erb within layouts/application
  Rendered search/index.html.erb within layouts/application (Duration: 0.7ms | Allocations: 436)
  Rendered layout layouts/application.html.erb (Duration: 10.5ms | Allocations: 15819)
Completed 200 OK in 12ms (Views: 11.9ms | Allocations: 16867)


Started GET "/search" for 127.0.0.1 at 2021-12-25 20:00:37 +0530
Processing by SearchController#index as HTML
  Rendering layout layouts/application.html.erb
  Rendering search/index.html.erb within layouts/application
  Rendered search/index.html.erb within layouts/application (Duration: 0.9ms | Allocations: 387)
  Rendered layout layouts/application.html.erb (Duration: 4.0ms | Allocations: 2926)
Completed 200 OK in 7ms (Views: 5.6ms | Allocations: 3941)


Started GET "/search" for 127.0.0.1 at 2021-12-25 20:03:36 +0530
Processing by SearchController#index as HTML
  Rendering layout layouts/application.html.erb
  Rendering search/index.html.erb within layouts/application
  Rendered search/index.html.erb within layouts/application (Duration: 0.4ms | Allocations: 173)
  Rendered layout layouts/application.html.erb (Duration: 12.2ms | Allocations: 15280)
Completed 200 OK in 14ms (Views: 13.8ms | Allocations: 16050)


Started GET "/search" for 127.0.0.1 at 2021-12-25 20:05:07 +0530
Processing by SearchController#index as HTML
  Rendering layout layouts/application.html.erb
  Rendering search/index.html.erb within layouts/application
  Rendered search/index.html.erb within layouts/application (Duration: 7.0ms | Allocations: 4099)
  Rendered layout layouts/application.html.erb (Duration: 7.2ms | Allocations: 4179)
Completed 500 Internal Server Error in 11ms (Allocations: 5180)


  
ActionView::SyntaxErrorInTemplate (Encountered a syntax error while rendering template: check <div data-controller="search">
  <%= form_with(url: "/", method: :get, data: {action: "submit->search#submit"}) do |f| %>
    <%= label_tag(:query, "Search for") %>
    <%= text_field_tag :query, params[:query], data: {target: "search.query"}  data-action="change->search#search"%>
    <%= submit_tag("Search", class: "btn btn-primary") %>
  <% end %>
</div>

):
1:    <div data-controller="search">
2:      <%= form_with(url: "/", method: :get, data: {action: "submit->search#submit"}) do |f| %>
3:        <%= label_tag(:query, "Search for") %>
4:        <%= text_field_tag :query, params[:query], data: {target: "search.query"}  data-action="change->search#search"%>
5:        <%= submit_tag("Search", class: "btn btn-primary") %>
6:      <% end %>
7:    </div>
  
app/views/search/index.html.erb:4: syntax error, unexpected local variable or method, expecting ')'
app/views/search/index.html.erb:4: syntax error, unexpected local variable or method, expecting ')'
app/views/search/index.html.erb:4: syntax error, unexpected local variable or method, expecting ')'
app/views/search/index.html.erb:4: syntax error, unexpected local variable or method, expecting ')'
app/views/search/index.html.erb:4: syntax error, unexpected local variable or method, expecting ')'
app/views/search/index.html.erb:4: syntax error, unexpected local variable or method, expecting ')'
Started GET "/search" for 127.0.0.1 at 2021-12-25 20:05:21 +0530
Processing by SearchController#index as HTML
  Rendering layout layouts/application.html.erb
  Rendering search/index.html.erb within layouts/application
  Rendered search/index.html.erb within layouts/application (Duration: 1.5ms | Allocations: 1197)
  Rendered layout layouts/application.html.erb (Duration: 1.7ms | Allocations: 1278)
Completed 500 Internal Server Error in 7ms (Allocations: 2267)


  
ActionView::SyntaxErrorInTemplate (Encountered a syntax error while rendering template: check <div data-controller="search">
  <%= form_with(url: "/", method: :get, data: {action: "submit->search#submit"}) do |f| %>
    <%= label_tag(:query, "Search for") %>
    <%= text_field_tag :query, params[:query], data: {target: "search.query"},  data-action="change->search#search"%>
    <%= submit_tag("Search", class: "btn btn-primary") %>
  <% end %>
</div>

):
1:    <div data-controller="search">
2:      <%= form_with(url: "/", method: :get, data: {action: "submit->search#submit"}) do |f| %>
3:        <%= label_tag(:query, "Search for") %>
4:        <%= text_field_tag :query, params[:query], data: {target: "search.query"},  data-action="change->search#search"%>
5:        <%= submit_tag("Search", class: "btn btn-primary") %>
6:      <% end %>
7:    </div>
  
app/views/search/index.html.erb:4: syntax error, unexpected ')', expecting =>
app/views/search/index.html.erb:6: syntax error, unexpected `end', expecting ')'
app/views/search/index.html.erb:10: syntax error, unexpected `end', expecting ')'
app/views/search/index.html.erb:4: syntax error, unexpected ')', expecting =>
app/views/search/index.html.erb:6: syntax error, unexpected `end', expecting ')'
app/views/search/index.html.erb:10: syntax error, unexpected `end', expecting ')'
app/views/search/index.html.erb:4: syntax error, unexpected ')', expecting =>
app/views/search/index.html.erb:6: syntax error, unexpected `end', expecting ')'
app/views/search/index.html.erb:10: syntax error, unexpected `end', expecting ')'
app/views/search/index.html.erb:4: syntax error, unexpected ')', expecting =>
app/views/search/index.html.erb:6: syntax error, unexpected `end', expecting ')'
app/views/search/index.html.erb:10: syntax error, unexpected `end', expecting ')'
app/views/search/index.html.erb:4: syntax error, unexpected ')', expecting =>
app/views/search/index.html.erb:6: syntax error, unexpected `end', expecting ')'
app/views/search/index.html.erb:10: syntax error, unexpected `end', expecting ')'
app/views/search/index.html.erb:4: syntax error, unexpected ')', expecting =>
app/views/search/index.html.erb:6: syntax error, unexpected `end', expecting ')'
app/views/search/index.html.erb:10: syntax error, unexpected `end', expecting ')'
Started GET "/search" for 127.0.0.1 at 2021-12-25 20:05:54 +0530
Processing by SearchController#index as HTML
  Rendering layout layouts/application.html.erb
  Rendering search/index.html.erb within layouts/application
  Rendered search/index.html.erb within layouts/application (Duration: 1.8ms | Allocations: 384)
  Rendered layout layouts/application.html.erb (Duration: 24.5ms | Allocations: 18741)
Completed 200 OK in 28ms (Views: 26.9ms | Allocations: 19762)


Started GET "/search" for 127.0.0.1 at 2021-12-25 20:06:30 +0530
Processing by SearchController#index as HTML
  Rendering layout layouts/application.html.erb
  Rendering search/index.html.erb within layouts/application
  Rendered search/index.html.erb within layouts/application (Duration: 2.0ms | Allocations: 393)
  Rendered layout layouts/application.html.erb (Duration: 9.7ms | Allocations: 2945)
Completed 200 OK in 14ms (Views: 12.8ms | Allocations: 3966)


Started GET "/search" for 127.0.0.1 at 2021-12-25 20:07:10 +0530
Processing by SearchController#index as HTML
  Rendering layout layouts/application.html.erb
  Rendering search/index.html.erb within layouts/application
  Rendered search/index.html.erb within layouts/application (Duration: 1.4ms | Allocations: 147)
  Rendered layout layouts/application.html.erb (Duration: 5.7ms | Allocations: 2421)
Completed 200 OK in 7ms (Views: 6.4ms | Allocations: 2740)


Started GET "/?query=&commit=Search" for 127.0.0.1 at 2021-12-25 20:07:12 +0530
Processing by HelloController#index as HTML
  Parameters: {"query"=>"", "commit"=>"Search"}
  Rendering layout layouts/application.html.erb
  Rendering hello/index.html.erb within layouts/application
  Rendered hello/index.html.erb within layouts/application (Duration: 1.4ms | Allocations: 127)
  Rendered layout layouts/application.html.erb (Duration: 4.4ms | Allocations: 2485)
Completed 200 OK in 6ms (Views: 5.6ms | Allocations: 3353)


Started GET "/search" for 127.0.0.1 at 2021-12-25 20:07:17 +0530
Processing by SearchController#index as HTML
  Rendering layout layouts/application.html.erb
  Rendering search/index.html.erb within layouts/application
  Rendered search/index.html.erb within layouts/application (Duration: 0.6ms | Allocations: 147)
  Rendered layout layouts/application.html.erb (Duration: 4.2ms | Allocations: 2411)
Completed 200 OK in 6ms (Views: 5.0ms | Allocations: 2730)


Started GET "/search" for 127.0.0.1 at 2021-12-25 20:07:30 +0530
Processing by SearchController#index as HTML
  Rendering layout layouts/application.html.erb
  Rendering search/index.html.erb within layouts/application
  Rendered search/index.html.erb within layouts/application (Duration: 2.9ms | Allocations: 393)
  Rendered layout layouts/application.html.erb (Duration: 9.4ms | Allocations: 2930)
Completed 200 OK in 13ms (Views: 12.0ms | Allocations: 3945)


Started GET "/search" for 127.0.0.1 at 2021-12-25 20:07:42 +0530
Processing by SearchController#index as HTML
  Rendering layout layouts/application.html.erb
  Rendering search/index.html.erb within layouts/application
  Rendered search/index.html.erb within layouts/application (Duration: 0.8ms | Allocations: 393)
  Rendered layout layouts/application.html.erb (Duration: 3.2ms | Allocations: 2924)
Completed 200 OK in 7ms (Views: 5.3ms | Allocations: 3940)


Started GET "/search" for 127.0.0.1 at 2021-12-25 20:07:59 +0530
Processing by SearchController#index as HTML
  Rendering layout layouts/application.html.erb
  Rendering search/index.html.erb within layouts/application
  Rendered search/index.html.erb within layouts/application (Duration: 0.4ms | Allocations: 147)
  Rendered layout layouts/application.html.erb (Duration: 22.9ms | Allocations: 16531)
Completed 200 OK in 24ms (Views: 23.8ms | Allocations: 16850)


Started GET "/search" for 127.0.0.1 at 2021-12-25 20:08:12 +0530
Processing by SearchController#index as HTML
  Rendering layout layouts/application.html.erb
  Rendering search/index.html.erb within layouts/application
  Rendered search/index.html.erb within layouts/application (Duration: 0.5ms | Allocations: 147)
  Rendered layout layouts/application.html.erb (Duration: 17.4ms | Allocations: 17013)
Completed 200 OK in 19ms (Views: 18.1ms | Allocations: 17331)


Started GET "/search" for 127.0.0.1 at 2021-12-25 20:08:42 +0530
Processing by SearchController#index as HTML
  Rendering layout layouts/application.html.erb
  Rendering search/index.html.erb within layouts/application
  Rendered search/index.html.erb within layouts/application (Duration: 0.5ms | Allocations: 147)
  Rendered layout layouts/application.html.erb (Duration: 21.9ms | Allocations: 16413)
Completed 200 OK in 23ms (Views: 22.6ms | Allocations: 16731)


Started GET "/search" for 127.0.0.1 at 2021-12-25 20:08:52 +0530
Processing by SearchController#index as HTML
  Rendering layout layouts/application.html.erb
  Rendering search/index.html.erb within layouts/application
  Rendered search/index.html.erb within layouts/application (Duration: 0.2ms | Allocations: 147)
  Rendered layout layouts/application.html.erb (Duration: 17.0ms | Allocations: 17079)
Completed 200 OK in 18ms (Views: 17.4ms | Allocations: 17397)


Started GET "/search" for 127.0.0.1 at 2021-12-25 20:09:48 +0530
Processing by SearchController#index as HTML
  Rendering layout layouts/application.html.erb
  Rendering search/index.html.erb within layouts/application
  Rendered search/index.html.erb within layouts/application (Duration: 2.0ms | Allocations: 404)
  Rendered layout layouts/application.html.erb (Duration: 18.6ms | Allocations: 17011)
Completed 200 OK in 23ms (Views: 21.1ms | Allocations: 18026)


Started GET "/search" for 127.0.0.1 at 2021-12-25 20:10:27 +0530
Processing by SearchController#index as HTML
  Rendering layout layouts/application.html.erb
  Rendering search/index.html.erb within layouts/application
  Rendered search/index.html.erb within layouts/application (Duration: 0.5ms | Allocations: 147)
  Rendered layout layouts/application.html.erb (Duration: 17.7ms | Allocations: 16416)
Completed 200 OK in 19ms (Views: 18.4ms | Allocations: 16735)


Started GET "/search" for 127.0.0.1 at 2021-12-25 20:10:48 +0530
Processing by SearchController#index as HTML
  Rendering layout layouts/application.html.erb
  Rendering search/index.html.erb within layouts/application
  Rendered search/index.html.erb within layouts/application (Duration: 0.8ms | Allocations: 399)
  Rendered layout layouts/application.html.erb (Duration: 17.5ms | Allocations: 18082)
Completed 200 OK in 21ms (Views: 20.0ms | Allocations: 19097)


Started GET "/search" for 127.0.0.1 at 2021-12-25 20:11:29 +0530
Processing by SearchController#index as HTML
  Rendering layout layouts/application.html.erb
  Rendering search/index.html.erb within layouts/application
  Rendered search/index.html.erb within layouts/application (Duration: 0.5ms | Allocations: 147)
  Rendered layout layouts/application.html.erb (Duration: 17.1ms | Allocations: 16474)
Completed 200 OK in 18ms (Views: 17.7ms | Allocations: 16793)


Started GET "/search" for 127.0.0.1 at 2021-12-25 20:12:04 +0530
Processing by SearchController#index as HTML
  Rendering layout layouts/application.html.erb
  Rendering search/index.html.erb within layouts/application
  Rendered search/index.html.erb within layouts/application (Duration: 1.1ms | Allocations: 402)
  Rendered layout layouts/application.html.erb (Duration: 4.6ms | Allocations: 2949)
Completed 200 OK in 8ms (Views: 6.0ms | Allocations: 3964)


Started GET "/search" for 127.0.0.1 at 2021-12-25 20:12:11 +0530
Processing by SearchController#index as HTML
  Rendering layout layouts/application.html.erb
  Rendering search/index.html.erb within layouts/application
  Rendered search/index.html.erb within layouts/application (Duration: 0.4ms | Allocations: 147)
  Rendered layout layouts/application.html.erb (Duration: 3.6ms | Allocations: 2413)
Completed 200 OK in 5ms (Views: 4.3ms | Allocations: 2732)


Started GET "/search" for 127.0.0.1 at 2021-12-25 20:12:48 +0530
Processing by SearchController#index as HTML
  Rendering layout layouts/application.html.erb
  Rendering search/index.html.erb within layouts/application
  Rendered search/index.html.erb within layouts/application (Duration: 1.7ms | Allocations: 399)
  Rendered layout layouts/application.html.erb (Duration: 7.5ms | Allocations: 2958)
Completed 200 OK in 11ms (Views: 10.3ms | Allocations: 3973)


Started GET "/search" for 127.0.0.1 at 2021-12-25 20:13:30 +0530
Processing by SearchController#index as HTML
  Rendering layout layouts/application.html.erb
  Rendering search/index.html.erb within layouts/application
  Rendered search/index.html.erb within layouts/application (Duration: 1.0ms | Allocations: 147)
  Rendered layout layouts/application.html.erb (Duration: 19.3ms | Allocations: 17040)
Completed 200 OK in 21ms (Views: 20.5ms | Allocations: 17359)


Started GET "/search" for 127.0.0.1 at 2021-12-25 20:13:47 +0530
Processing by SearchController#index as HTML
  Rendering layout layouts/application.html.erb
  Rendering search/index.html.erb within layouts/application
  Rendered search/index.html.erb within layouts/application (Duration: 1.3ms | Allocations: 400)
  Rendered layout layouts/application.html.erb (Duration: 21.7ms | Allocations: 17000)
Completed 200 OK in 25ms (Views: 23.8ms | Allocations: 18015)


Started GET "/search" for 127.0.0.1 at 2021-12-25 20:13:58 +0530
Processing by SearchController#index as HTML
  Rendering layout layouts/application.html.erb
  Rendering search/index.html.erb within layouts/application
  Rendered search/index.html.erb within layouts/application (Duration: 2.4ms | Allocations: 398)
  Rendered layout layouts/application.html.erb (Duration: 19.7ms | Allocations: 15757)
Completed 200 OK in 24ms (Views: 22.6ms | Allocations: 16773)


Started GET "/search" for 127.0.0.1 at 2021-12-25 20:14:13 +0530
Processing by SearchController#index as HTML
  Rendering layout layouts/application.html.erb
  Rendering search/index.html.erb within layouts/application
  Rendered search/index.html.erb within layouts/application (Duration: 0.5ms | Allocations: 147)
  Rendered layout layouts/application.html.erb (Duration: 15.8ms | Allocations: 17126)
Completed 200 OK in 17ms (Views: 16.4ms | Allocations: 17445)


Started GET "/search" for 127.0.0.1 at 2021-12-25 20:14:23 +0530
Processing by SearchController#index as HTML
  Rendering layout layouts/application.html.erb
  Rendering search/index.html.erb within layouts/application
  Rendered search/index.html.erb within layouts/application (Duration: 0.6ms | Allocations: 147)
  Rendered layout layouts/application.html.erb (Duration: 17.6ms | Allocations: 15279)
Completed 200 OK in 19ms (Views: 18.4ms | Allocations: 15597)


Started GET "/search" for 127.0.0.1 at 2021-12-25 20:14:37 +0530
Processing by SearchController#index as HTML
  Rendering layout layouts/application.html.erb
  Rendering search/index.html.erb within layouts/application
  Rendered search/index.html.erb within layouts/application (Duration: 0.4ms | Allocations: 147)
  Rendered layout layouts/application.html.erb (Duration: 19.7ms | Allocations: 16420)
Completed 200 OK in 22ms (Views: 20.5ms | Allocations: 16738)


Started GET "/search" for 127.0.0.1 at 2021-12-25 20:16:29 +0530
Processing by SearchController#index as HTML
  Rendering layout layouts/application.html.erb
  Rendering search/index.html.erb within layouts/application
  Rendered search/index.html.erb within layouts/application (Duration: 1.3ms | Allocations: 1206)
  Rendered layout layouts/application.html.erb (Duration: 1.8ms | Allocations: 1286)
Completed 500 Internal Server Error in 5ms (Allocations: 2269)


  
ActionView::SyntaxErrorInTemplate (Encountered a syntax error while rendering template: check <div data-controller="search">
  <%= form_with(url: "/", method: :get, data: {action: "submit->search#submit"}) do |f| %>
    <%= label_tag(:query, "Search for") %>
    <%= text_field_tag :query, params[:query], data: {target: "search.query", action: 'keypress->search#search', search-target: 'name' } %>
    <%= submit_tag("Search", class: "btn btn-primary") %>
  <% end %>

  <span data-search-target="output"></span>
  </span>
</div>

):
1:    <div data-controller="search">
2:      <%= form_with(url: "/", method: :get, data: {action: "submit->search#submit"}) do |f| %>
3:        <%= label_tag(:query, "Search for") %>
4:        <%= text_field_tag :query, params[:query], data: {target: "search.query", action: 'keypress->search#search', search-target: 'name' } %>
5:        <%= submit_tag("Search", class: "btn btn-primary") %>
6:      <% end %>
7:    
8:      <span data-search-target="output"></span>
9:      </span>
10:    </div>
  
app/views/search/index.html.erb:4: syntax error, unexpected ':', expecting =>
app/views/search/index.html.erb:4: syntax error, unexpected '}', expecting ')'
app/views/search/index.html.erb:6: syntax error, unexpected `end', expecting ')'
app/views/search/index.html.erb:13: syntax error, unexpected `end', expecting ')'
app/views/search/index.html.erb:4: syntax error, unexpected ':', expecting =>
app/views/search/index.html.erb:4: syntax error, unexpected '}', expecting ')'
app/views/search/index.html.erb:6: syntax error, unexpected `end', expecting ')'
app/views/search/index.html.erb:13: syntax error, unexpected `end', expecting ')'
app/views/search/index.html.erb:4: syntax error, unexpected ':', expecting =>
app/views/search/index.html.erb:4: syntax error, unexpected '}', expecting ')'
app/views/search/index.html.erb:6: syntax error, unexpected `end', expecting ')'
app/views/search/index.html.erb:13: syntax error, unexpected `end', expecting ')'
app/views/search/index.html.erb:4: syntax error, unexpected ':', expecting =>
app/views/search/index.html.erb:4: syntax error, unexpected '}', expecting ')'
app/views/search/index.html.erb:6: syntax error, unexpected `end', expecting ')'
app/views/search/index.html.erb:13: syntax error, unexpected `end', expecting ')'
app/views/search/index.html.erb:4: syntax error, unexpected ':', expecting =>
app/views/search/index.html.erb:4: syntax error, unexpected '}', expecting ')'
app/views/search/index.html.erb:6: syntax error, unexpected `end', expecting ')'
app/views/search/index.html.erb:13: syntax error, unexpected `end', expecting ')'
app/views/search/index.html.erb:4: syntax error, unexpected ':', expecting =>
app/views/search/index.html.erb:4: syntax error, unexpected '}', expecting ')'
app/views/search/index.html.erb:6: syntax error, unexpected `end', expecting ')'
app/views/search/index.html.erb:13: syntax error, unexpected `end', expecting ')'
Started GET "/search" for 127.0.0.1 at 2021-12-25 20:17:21 +0530
Processing by SearchController#index as HTML
  Rendering layout layouts/application.html.erb
  Rendering search/index.html.erb within layouts/application
  Rendered search/index.html.erb within layouts/application (Duration: 3.0ms | Allocations: 399)
  Rendered layout layouts/application.html.erb (Duration: 22.9ms | Allocations: 18166)
Completed 200 OK in 26ms (Views: 25.0ms | Allocations: 19182)


Started GET "/search" for 127.0.0.1 at 2021-12-25 20:18:09 +0530
Processing by SearchController#index as HTML
  Rendering layout layouts/application.html.erb
  Rendering search/index.html.erb within layouts/application
  Rendered search/index.html.erb within layouts/application (Duration: 3.0ms | Allocations: 398)
  Rendered layout layouts/application.html.erb (Duration: 6.2ms | Allocations: 2933)
Completed 200 OK in 10ms (Views: 8.7ms | Allocations: 3949)


Started GET "/search" for 127.0.0.1 at 2021-12-25 20:18:29 +0530
Processing by SearchController#index as HTML
  Rendering layout layouts/application.html.erb
  Rendering search/index.html.erb within layouts/application
  Rendered search/index.html.erb within layouts/application (Duration: 2.1ms | Allocations: 398)
  Rendered layout layouts/application.html.erb (Duration: 7.2ms | Allocations: 2945)
Completed 200 OK in 11ms (Views: 9.6ms | Allocations: 3961)


Started GET "/search" for 127.0.0.1 at 2021-12-25 20:19:01 +0530
Processing by SearchController#index as HTML
  Rendering layout layouts/application.html.erb
  Rendering search/index.html.erb within layouts/application
  Rendered search/index.html.erb within layouts/application (Duration: 0.8ms | Allocations: 147)
  Rendered layout layouts/application.html.erb (Duration: 17.0ms | Allocations: 16405)
Completed 200 OK in 19ms (Views: 17.8ms | Allocations: 16724)


Started GET "/search" for 127.0.0.1 at 2021-12-25 20:20:22 +0530
Processing by SearchController#index as HTML
  Rendering layout layouts/application.html.erb
  Rendering search/index.html.erb within layouts/application
  Rendered search/index.html.erb within layouts/application (Duration: 0.3ms | Allocations: 147)
  Rendered layout layouts/application.html.erb (Duration: 19.8ms | Allocations: 16529)
Completed 200 OK in 21ms (Views: 20.3ms | Allocations: 16847)


Started GET "/search" for 127.0.0.1 at 2021-12-25 20:33:22 +0530
Processing by SearchController#index as HTML
  Rendering layout layouts/application.html.erb
  Rendering search/index.html.erb within layouts/application
  Rendered search/index.html.erb within layouts/application (Duration: 1.7ms | Allocations: 402)
  Rendered layout layouts/application.html.erb (Duration: 8.2ms | Allocations: 2951)
Completed 200 OK in 12ms (Views: 10.7ms | Allocations: 3966)


Started GET "/search" for 127.0.0.1 at 2021-12-25 20:34:19 +0530
Processing by SearchController#index as HTML
  Rendering layout layouts/application.html.erb
  Rendering search/index.html.erb within layouts/application
  Rendered search/index.html.erb within layouts/application (Duration: 0.5ms | Allocations: 147)
  Rendered layout layouts/application.html.erb (Duration: 21.1ms | Allocations: 17007)
Completed 200 OK in 22ms (Views: 21.8ms | Allocations: 17326)


Started GET "/search" for 127.0.0.1 at 2021-12-25 20:34:43 +0530
Processing by SearchController#index as HTML
  Rendering layout layouts/application.html.erb
  Rendering search/index.html.erb within layouts/application
  Rendered search/index.html.erb within layouts/application (Duration: 1.1ms | Allocations: 399)
  Rendered layout layouts/application.html.erb (Duration: 5.9ms | Allocations: 2940)
Completed 200 OK in 9ms (Views: 8.3ms | Allocations: 3955)


Started GET "/search" for 127.0.0.1 at 2021-12-25 20:35:15 +0530
Processing by SearchController#index as HTML
  Rendering layout layouts/application.html.erb
  Rendering search/index.html.erb within layouts/application
  Rendered search/index.html.erb within layouts/application (Duration: 1.2ms | Allocations: 396)
  Rendered layout layouts/application.html.erb (Duration: 15.7ms | Allocations: 17063)
Completed 200 OK in 20ms (Views: 18.5ms | Allocations: 18079)


Started GET "/search" for 127.0.0.1 at 2021-12-25 20:35:36 +0530
Processing by SearchController#index as HTML
  Rendering layout layouts/application.html.erb
  Rendering search/index.html.erb within layouts/application
  Rendered search/index.html.erb within layouts/application (Duration: 0.4ms | Allocations: 147)
  Rendered layout layouts/application.html.erb (Duration: 4.5ms | Allocations: 2405)
Completed 200 OK in 6ms (Views: 5.2ms | Allocations: 2724)


Started GET "/search" for 127.0.0.1 at 2021-12-25 20:35:59 +0530
Processing by SearchController#index as HTML
  Rendering layout layouts/application.html.erb
  Rendering search/index.html.erb within layouts/application
  Rendered search/index.html.erb within layouts/application (Duration: 2.0ms | Allocations: 395)
  Rendered layout layouts/application.html.erb (Duration: 16.8ms | Allocations: 15764)
Completed 200 OK in 22ms (Views: 20.5ms | Allocations: 16779)


Started GET "/search" for 127.0.0.1 at 2021-12-25 20:36:19 +0530
Processing by SearchController#index as HTML
  Rendering layout layouts/application.html.erb
  Rendering search/index.html.erb within layouts/application
  Rendered search/index.html.erb within layouts/application (Duration: 1.5ms | Allocations: 398)
  Rendered layout layouts/application.html.erb (Duration: 20.7ms | Allocations: 15796)
Completed 200 OK in 24ms (Views: 22.8ms | Allocations: 16812)


Started GET "/search" for 127.0.0.1 at 2021-12-25 20:39:31 +0530
Started GET "/search" for 127.0.0.1 at 2021-12-25 20:39:38 +0530
  [1m[35m (0.6ms)[0m  [1m[34mSELECT sqlite_version(*)[0m
Processing by SearchController#index as HTML
  Rendering layout layouts/application.html.erb
  Rendering search/index.html.erb within layouts/application
  Rendered search/index.html.erb within layouts/application (Duration: 1.1ms | Allocations: 767)
  Rendered layout layouts/application.html.erb (Duration: 75.9ms | Allocations: 43717)
Completed 200 OK in 82ms (Views: 77.9ms | ActiveRecord: 0.0ms | Allocations: 48973)


Started GET "/search" for 127.0.0.1 at 2021-12-25 20:39:55 +0530
Processing by SearchController#index as HTML
  Rendering layout layouts/application.html.erb
  Rendering search/index.html.erb within layouts/application
  Rendered search/index.html.erb within layouts/application (Duration: 0.5ms | Allocations: 147)
  Rendered layout layouts/application.html.erb (Duration: 27.3ms | Allocations: 16489)
Completed 200 OK in 29ms (Views: 27.9ms | ActiveRecord: 0.0ms | Allocations: 16819)


Started GET "/search?query=${value}" for 127.0.0.1 at 2021-12-25 20:39:57 +0530
Processing by SearchController#index as JSON
  Parameters: {"query"=>"${value}"}
Completed 406 Not Acceptable in 1ms (ActiveRecord: 0.0ms | Allocations: 745)


  
ActionController::UnknownFormat (SearchController#index is missing a template for this request format and variant.

request.formats: ["application/json"]
request.variant: []):
  
actionpack (7.0.0) lib/action_controller/metal/implicit_render.rb:42:in `default_render'
actionpack (7.0.0) lib/action_controller/metal/basic_implicit_render.rb:6:in `block in send_action'
<internal:kernel>:90:in `tap'
actionpack (7.0.0) lib/action_controller/metal/basic_implicit_render.rb:6:in `send_action'
actionpack (7.0.0) lib/abstract_controller/base.rb:214:in `process_action'
actionpack (7.0.0) lib/action_controller/metal/rendering.rb:53:in `process_action'
actionpack (7.0.0) lib/abstract_controller/callbacks.rb:234:in `block in process_action'
activesupport (7.0.0) lib/active_support/callbacks.rb:118:in `block in run_callbacks'
actiontext (7.0.0) lib/action_text/rendering.rb:20:in `with_renderer'
actiontext (7.0.0) lib/action_text/engine.rb:69:in `block (4 levels) in <class:Engine>'
activesupport (7.0.0) lib/active_support/callbacks.rb:127:in `instance_exec'
activesupport (7.0.0) lib/active_support/callbacks.rb:127:in `block in run_callbacks'
activesupport (7.0.0) lib/active_support/callbacks.rb:138:in `run_callbacks'
actionpack (7.0.0) lib/abstract_controller/callbacks.rb:233:in `process_action'
actionpack (7.0.0) lib/action_controller/metal/rescue.rb:22:in `process_action'
actionpack (7.0.0) lib/action_controller/metal/instrumentation.rb:67:in `block in process_action'
activesupport (7.0.0) lib/active_support/notifications.rb:206:in `block in instrument'
activesupport (7.0.0) lib/active_support/notifications/instrumenter.rb:24:in `instrument'
activesupport (7.0.0) lib/active_support/notifications.rb:206:in `instrument'
actionpack (7.0.0) lib/action_controller/metal/instrumentation.rb:66:in `process_action'
actionpack (7.0.0) lib/action_controller/metal/params_wrapper.rb:259:in `process_action'
activerecord (7.0.0) lib/active_record/railties/controller_runtime.rb:27:in `process_action'
actionpack (7.0.0) lib/abstract_controller/base.rb:151:in `process'
actionview (7.0.0) lib/action_view/rendering.rb:39:in `process'
actionpack (7.0.0) lib/action_controller/metal.rb:188:in `dispatch'
actionpack (7.0.0) lib/action_controller/metal.rb:251:in `dispatch'
actionpack (7.0.0) lib/action_dispatch/routing/route_set.rb:49:in `dispatch'
actionpack (7.0.0) lib/action_dispatch/routing/route_set.rb:32:in `serve'
actionpack (7.0.0) lib/action_dispatch/journey/router.rb:50:in `block in serve'
actionpack (7.0.0) lib/action_dispatch/journey/router.rb:32:in `each'
actionpack (7.0.0) lib/action_dispatch/journey/router.rb:32:in `serve'
actionpack (7.0.0) lib/action_dispatch/routing/route_set.rb:850:in `call'
rack (2.2.3) lib/rack/tempfile_reaper.rb:15:in `call'
rack (2.2.3) lib/rack/etag.rb:27:in `call'
rack (2.2.3) lib/rack/conditional_get.rb:27:in `call'
rack (2.2.3) lib/rack/head.rb:12:in `call'
actionpack (7.0.0) lib/action_dispatch/http/permissions_policy.rb:22:in `call'
actionpack (7.0.0) lib/action_dispatch/http/content_security_policy.rb:18:in `call'
rack (2.2.3) lib/rack/session/abstract/id.rb:266:in `context'
rack (2.2.3) lib/rack/session/abstract/id.rb:260:in `call'
actionpack (7.0.0) lib/action_dispatch/middleware/cookies.rb:693:in `call'
activerecord (7.0.0) lib/active_record/migration.rb:603:in `call'
actionpack (7.0.0) lib/action_dispatch/middleware/callbacks.rb:27:in `block in call'
activesupport (7.0.0) lib/active_support/callbacks.rb:99:in `run_callbacks'
actionpack (7.0.0) lib/action_dispatch/middleware/callbacks.rb:26:in `call'
actionpack (7.0.0) lib/action_dispatch/middleware/executor.rb:14:in `call'
actionpack (7.0.0) lib/action_dispatch/middleware/actionable_exceptions.rb:17:in `call'
actionpack (7.0.0) lib/action_dispatch/middleware/debug_exceptions.rb:28:in `call'
web-console (4.2.0) lib/web_console/middleware.rb:132:in `call_app'
web-console (4.2.0) lib/web_console/middleware.rb:28:in `block in call'
web-console (4.2.0) lib/web_console/middleware.rb:17:in `catch'
web-console (4.2.0) lib/web_console/middleware.rb:17:in `call'
actionpack (7.0.0) lib/action_dispatch/middleware/show_exceptions.rb:26:in `call'
railties (7.0.0) lib/rails/rack/logger.rb:36:in `call_app'
railties (7.0.0) lib/rails/rack/logger.rb:25:in `block in call'
activesupport (7.0.0) lib/active_support/tagged_logging.rb:99:in `block in tagged'
activesupport (7.0.0) lib/active_support/tagged_logging.rb:37:in `tagged'
activesupport (7.0.0) lib/active_support/tagged_logging.rb:99:in `tagged'
railties (7.0.0) lib/rails/rack/logger.rb:25:in `call'
sprockets-rails (3.4.2) lib/sprockets/rails/quiet_assets.rb:13:in `call'
actionpack (7.0.0) lib/action_dispatch/middleware/remote_ip.rb:93:in `call'
actionpack (7.0.0) lib/action_dispatch/middleware/request_id.rb:26:in `call'
rack (2.2.3) lib/rack/method_override.rb:24:in `call'
rack (2.2.3) lib/rack/runtime.rb:22:in `call'
activesupport (7.0.0) lib/active_support/cache/strategy/local_cache_middleware.rb:29:in `call'
actionpack (7.0.0) lib/action_dispatch/middleware/server_timing.rb:20:in `call'
actionpack (7.0.0) lib/action_dispatch/middleware/executor.rb:14:in `call'
actionpack (7.0.0) lib/action_dispatch/middleware/static.rb:23:in `call'
rack (2.2.3) lib/rack/sendfile.rb:110:in `call'
actionpack (7.0.0) lib/action_dispatch/middleware/host_authorization.rb:137:in `call'
railties (7.0.0) lib/rails/engine.rb:530:in `call'
puma (5.5.2) lib/puma/configuration.rb:249:in `call'
puma (5.5.2) lib/puma/request.rb:77:in `block in handle_request'
puma (5.5.2) lib/puma/thread_pool.rb:340:in `with_force_shutdown'
puma (5.5.2) lib/puma/request.rb:76:in `handle_request'
puma (5.5.2) lib/puma/server.rb:447:in `process_client'
puma (5.5.2) lib/puma/thread_pool.rb:147:in `block in spawn_thread'
Started GET "/search" for 127.0.0.1 at 2021-12-25 20:41:40 +0530
Processing by SearchController#index as HTML
  Rendering layout layouts/application.html.erb
  Rendering search/index.html.erb within layouts/application
  Rendered search/index.html.erb within layouts/application (Duration: 1.3ms | Allocations: 398)
  Rendered layout layouts/application.html.erb (Duration: 5.0ms | Allocations: 2946)
Completed 200 OK in 10ms (Views: 8.1ms | ActiveRecord: 0.0ms | Allocations: 3969)


Started GET "/search?query=${value}" for 127.0.0.1 at 2021-12-25 20:41:41 +0530
Processing by SearchController#index as JSON
  Parameters: {"query"=>"${value}"}
Completed 406 Not Acceptable in 1ms (ActiveRecord: 0.0ms | Allocations: 720)


  
ActionController::UnknownFormat (SearchController#index is missing a template for this request format and variant.

request.formats: ["application/json"]
request.variant: []):
  
actionpack (7.0.0) lib/action_controller/metal/implicit_render.rb:42:in `default_render'
actionpack (7.0.0) lib/action_controller/metal/basic_implicit_render.rb:6:in `block in send_action'
<internal:kernel>:90:in `tap'
actionpack (7.0.0) lib/action_controller/metal/basic_implicit_render.rb:6:in `send_action'
actionpack (7.0.0) lib/abstract_controller/base.rb:214:in `process_action'
actionpack (7.0.0) lib/action_controller/metal/rendering.rb:53:in `process_action'
actionpack (7.0.0) lib/abstract_controller/callbacks.rb:234:in `block in process_action'
activesupport (7.0.0) lib/active_support/callbacks.rb:118:in `block in run_callbacks'
actiontext (7.0.0) lib/action_text/rendering.rb:20:in `with_renderer'
actiontext (7.0.0) lib/action_text/engine.rb:69:in `block (4 levels) in <class:Engine>'
activesupport (7.0.0) lib/active_support/callbacks.rb:127:in `instance_exec'
activesupport (7.0.0) lib/active_support/callbacks.rb:127:in `block in run_callbacks'
activesupport (7.0.0) lib/active_support/callbacks.rb:138:in `run_callbacks'
actionpack (7.0.0) lib/abstract_controller/callbacks.rb:233:in `process_action'
actionpack (7.0.0) lib/action_controller/metal/rescue.rb:22:in `process_action'
actionpack (7.0.0) lib/action_controller/metal/instrumentation.rb:67:in `block in process_action'
activesupport (7.0.0) lib/active_support/notifications.rb:206:in `block in instrument'
activesupport (7.0.0) lib/active_support/notifications/instrumenter.rb:24:in `instrument'
activesupport (7.0.0) lib/active_support/notifications.rb:206:in `instrument'
actionpack (7.0.0) lib/action_controller/metal/instrumentation.rb:66:in `process_action'
actionpack (7.0.0) lib/action_controller/metal/params_wrapper.rb:259:in `process_action'
activerecord (7.0.0) lib/active_record/railties/controller_runtime.rb:27:in `process_action'
actionpack (7.0.0) lib/abstract_controller/base.rb:151:in `process'
actionview (7.0.0) lib/action_view/rendering.rb:39:in `process'
actionpack (7.0.0) lib/action_controller/metal.rb:188:in `dispatch'
actionpack (7.0.0) lib/action_controller/metal.rb:251:in `dispatch'
actionpack (7.0.0) lib/action_dispatch/routing/route_set.rb:49:in `dispatch'
actionpack (7.0.0) lib/action_dispatch/routing/route_set.rb:32:in `serve'
actionpack (7.0.0) lib/action_dispatch/journey/router.rb:50:in `block in serve'
actionpack (7.0.0) lib/action_dispatch/journey/router.rb:32:in `each'
actionpack (7.0.0) lib/action_dispatch/journey/router.rb:32:in `serve'
actionpack (7.0.0) lib/action_dispatch/routing/route_set.rb:850:in `call'
rack (2.2.3) lib/rack/tempfile_reaper.rb:15:in `call'
rack (2.2.3) lib/rack/etag.rb:27:in `call'
rack (2.2.3) lib/rack/conditional_get.rb:27:in `call'
rack (2.2.3) lib/rack/head.rb:12:in `call'
actionpack (7.0.0) lib/action_dispatch/http/permissions_policy.rb:22:in `call'
actionpack (7.0.0) lib/action_dispatch/http/content_security_policy.rb:18:in `call'
rack (2.2.3) lib/rack/session/abstract/id.rb:266:in `context'
rack (2.2.3) lib/rack/session/abstract/id.rb:260:in `call'
actionpack (7.0.0) lib/action_dispatch/middleware/cookies.rb:693:in `call'
activerecord (7.0.0) lib/active_record/migration.rb:603:in `call'
actionpack (7.0.0) lib/action_dispatch/middleware/callbacks.rb:27:in `block in call'
activesupport (7.0.0) lib/active_support/callbacks.rb:99:in `run_callbacks'
actionpack (7.0.0) lib/action_dispatch/middleware/callbacks.rb:26:in `call'
actionpack (7.0.0) lib/action_dispatch/middleware/executor.rb:14:in `call'
actionpack (7.0.0) lib/action_dispatch/middleware/actionable_exceptions.rb:17:in `call'
actionpack (7.0.0) lib/action_dispatch/middleware/debug_exceptions.rb:28:in `call'
web-console (4.2.0) lib/web_console/middleware.rb:132:in `call_app'
web-console (4.2.0) lib/web_console/middleware.rb:28:in `block in call'
web-console (4.2.0) lib/web_console/middleware.rb:17:in `catch'
web-console (4.2.0) lib/web_console/middleware.rb:17:in `call'
actionpack (7.0.0) lib/action_dispatch/middleware/show_exceptions.rb:26:in `call'
railties (7.0.0) lib/rails/rack/logger.rb:36:in `call_app'
railties (7.0.0) lib/rails/rack/logger.rb:25:in `block in call'
activesupport (7.0.0) lib/active_support/tagged_logging.rb:99:in `block in tagged'
activesupport (7.0.0) lib/active_support/tagged_logging.rb:37:in `tagged'
activesupport (7.0.0) lib/active_support/tagged_logging.rb:99:in `tagged'
railties (7.0.0) lib/rails/rack/logger.rb:25:in `call'
sprockets-rails (3.4.2) lib/sprockets/rails/quiet_assets.rb:13:in `call'
actionpack (7.0.0) lib/action_dispatch/middleware/remote_ip.rb:93:in `call'
actionpack (7.0.0) lib/action_dispatch/middleware/request_id.rb:26:in `call'
rack (2.2.3) lib/rack/method_override.rb:24:in `call'
rack (2.2.3) lib/rack/runtime.rb:22:in `call'
activesupport (7.0.0) lib/active_support/cache/strategy/local_cache_middleware.rb:29:in `call'
actionpack (7.0.0) lib/action_dispatch/middleware/server_timing.rb:20:in `call'
actionpack (7.0.0) lib/action_dispatch/middleware/executor.rb:14:in `call'
actionpack (7.0.0) lib/action_dispatch/middleware/static.rb:23:in `call'
rack (2.2.3) lib/rack/sendfile.rb:110:in `call'
actionpack (7.0.0) lib/action_dispatch/middleware/host_authorization.rb:137:in `call'
railties (7.0.0) lib/rails/engine.rb:530:in `call'
puma (5.5.2) lib/puma/configuration.rb:249:in `call'
puma (5.5.2) lib/puma/request.rb:77:in `block in handle_request'
puma (5.5.2) lib/puma/thread_pool.rb:340:in `with_force_shutdown'
puma (5.5.2) lib/puma/request.rb:76:in `handle_request'
puma (5.5.2) lib/puma/server.rb:447:in `process_client'
puma (5.5.2) lib/puma/thread_pool.rb:147:in `block in spawn_thread'
Started GET "/search" for 127.0.0.1 at 2021-12-25 20:42:30 +0530
Processing by SearchController#index as HTML
Completed 500 Internal Server Error in 4ms (Allocations: 2246)


  
NameError (uninitialized constant SearchController::UO63nr0TiL2IMzZpewDBR6sQ6xGJ4Lxw1HhnIbb3):
  
app/controllers/search_controller.rb:3:in `index'
Started GET "/search" for 127.0.0.1 at 2021-12-25 20:42:58 +0530
Processing by SearchController#index as HTML
Completed 500 Internal Server Error in 551ms (Allocations: 2109)


  
QiUniverse::SDK::Search::Error::InvalidRequestError ({"error"=>{"message"=>"Query: cannot be blank."}}):
  
app/controllers/search_controller.rb:6:in `index'
Started GET "/search" for 127.0.0.1 at 2021-12-25 20:43:30 +0530
Processing by SearchController#index as HTML
  Rendering layout layouts/application.html.erb
  Rendering search/index.html.erb within layouts/application
  Rendered search/index.html.erb within layouts/application (Duration: 0.8ms | Allocations: 171)
  Rendered layout layouts/application.html.erb (Duration: 16.1ms | Allocations: 16640)
Completed 200 OK in 19ms (Views: 18.3ms | Allocations: 17491)


Started GET "/search?query=${value}" for 127.0.0.1 at 2021-12-25 20:43:32 +0530
Processing by SearchController#index as */*
  Parameters: {"query"=>"${value}"}
Completed 500 Internal Server Error in 665ms (Allocations: 5113)


  
QiUniverse::SDK::Search::Error::InvalidRequestError ({"result"=>[], "useTrafficData"=>false, "error"=>{"ercd"=>100, "msg"=>"'null' is not a valid floating point value"}}):
  
app/controllers/search_controller.rb:7:in `index'
Started GET "/search?query=${value}" for 127.0.0.1 at 2021-12-25 20:43:57 +0530
Processing by SearchController#index as */*
  Parameters: {"query"=>"${value}"}
Completed 500 Internal Server Error in 1ms (Allocations: 990)


  
NoMethodError (undefined method `pry' for #<Binding:0x00007f6e00fec7f0>
Did you mean?  try):
  
app/controllers/search_controller.rb:7:in `index'
Started GET "/search" for 127.0.0.1 at 2021-12-25 20:44:20 +0530
  [1m[35m (0.4ms)[0m  [1m[34mSELECT sqlite_version(*)[0m
Processing by SearchController#index as HTML
  Rendering layout layouts/application.html.erb
  Rendering search/index.html.erb within layouts/application
  Rendered search/index.html.erb within layouts/application (Duration: 1.4ms | Allocations: 746)
  Rendered layout layouts/application.html.erb (Duration: 92.9ms | Allocations: 43131)
Completed 200 OK in 102ms (Views: 95.1ms | ActiveRecord: 0.0ms | Allocations: 48482)


Started GET "/search?query=${value}" for 127.0.0.1 at 2021-12-25 20:44:22 +0530
Processing by SearchController#index as */*
  Parameters: {"query"=>"${value}"}
Completed 500 Internal Server Error in 157269ms (ActiveRecord: 0.0ms | Allocations: 63675)


  
QiUniverse::SDK::Search::Error::InvalidRequestError ({"result"=>[], "useTrafficData"=>false, "error"=>{"ercd"=>100, "msg"=>"'null' is not a valid floating point value"}}):
  
app/controllers/search_controller.rb:8:in `index'
Started GET "/search" for 127.0.0.1 at 2021-12-25 20:47:03 +0530
Processing by SearchController#index as HTML
  Rendering layout layouts/application.html.erb
  Rendering search/index.html.erb within layouts/application
  Rendered search/index.html.erb within layouts/application (Duration: 0.2ms | Allocations: 171)
  Rendered layout layouts/application.html.erb (Duration: 10.2ms | Allocations: 15397)
Completed 200 OK in 12ms (Views: 11.4ms | Allocations: 16224)


Started GET "/search?query=${value}" for 127.0.0.1 at 2021-12-25 20:47:06 +0530
Processing by SearchController#index as */*
  Parameters: {"query"=>"${value}"}
Started GET "/search?query=${value}" for 127.0.0.1 at 2021-12-25 20:47:06 +0530
Processing by SearchController#index as */*
  Parameters: {"query"=>"${value}"}
Started GET "/search?query=${value}" for 127.0.0.1 at 2021-12-25 20:47:06 +0530
Processing by SearchController#index as */*
  Parameters: {"query"=>"${value}"}
  Rendering layout layouts/application.html.erb
  Rendering search/index.html.erb within layouts/application
  Rendering layout layouts/application.html.erb
  Rendered search/index.html.erb within layouts/application (Duration: 0.5ms | Allocations: 157)
  Rendering search/index.html.erb within layouts/application
  Rendered search/index.html.erb within layouts/application (Duration: 0.3ms | Allocations: 149)
  Rendered layout layouts/application.html.erb (Duration: 14.0ms | Allocations: 5283)
  Rendered layout layouts/application.html.erb (Duration: 11.8ms | Allocations: 4881)
Completed 200 OK in 252ms (Views: 16.6ms | Allocations: 11067)


Completed 200 OK in 264ms (Views: 14.7ms | Allocations: 12585)


  Rendering layout layouts/application.html.erb
  Rendering search/index.html.erb within layouts/application
  Rendered search/index.html.erb within layouts/application (Duration: 0.7ms | Allocations: 139)
  Rendered layout layouts/application.html.erb (Duration: 6.2ms | Allocations: 2397)
Completed 200 OK in 283ms (Views: 7.3ms | Allocations: 11699)


Started GET "/search" for 127.0.0.1 at 2021-12-25 20:48:05 +0530
  [1m[35m (0.4ms)[0m  [1m[34mSELECT sqlite_version(*)[0m
Processing by SearchController#index as HTML
  Rendering layout layouts/application.html.erb
  Rendering search/index.html.erb within layouts/application
  Rendered search/index.html.erb within layouts/application (Duration: 1.1ms | Allocations: 739)
  Rendered layout layouts/application.html.erb (Duration: 74.3ms | Allocations: 37330)
Completed 200 OK in 2912ms (Views: 76.5ms | ActiveRecord: 0.0ms | Allocations: 77840)


Started GET "/search?query=${value}" for 127.0.0.1 at 2021-12-25 20:48:12 +0530
Processing by SearchController#index as */*
  Parameters: {"query"=>"${value}"}
  Rendering layout layouts/application.html.erb
  Rendering search/index.html.erb within layouts/application
  Rendered search/index.html.erb within layouts/application (Duration: 0.3ms | Allocations: 139)
  Rendered layout layouts/application.html.erb (Duration: 4.7ms | Allocations: 2418)
Completed 200 OK in 39091ms (Views: 5.4ms | ActiveRecord: 0.0ms | Allocations: 33322)


Started GET "/search" for 127.0.0.1 at 2021-12-25 20:48:53 +0530
Processing by SearchController#index as HTML
  Rendering layout layouts/application.html.erb
  Rendering search/index.html.erb within layouts/application
  Rendered search/index.html.erb within layouts/application (Duration: 0.8ms | Allocations: 139)
  Rendered layout layouts/application.html.erb (Duration: 26.9ms | Allocations: 18361)
Completed 200 OK in 2284ms (Views: 27.8ms | ActiveRecord: 0.0ms | Allocations: 30106)


Started GET "/search?query=c" for 127.0.0.1 at 2021-12-25 20:48:58 +0530
Processing by SearchController#index as */*
  Parameters: {"query"=>"c"}
Completed 500 Internal Server Error in 248ms (ActiveRecord: 0.0ms | Allocations: 3429)


  
QiUniverse::SDK::Search::Error::InvalidRequestError ({"error"=>{"message"=>"query: the length must be between 3 and 50."}}):
  
app/controllers/search_controller.rb:7:in `index'
Started GET "/search" for 127.0.0.1 at 2021-12-25 20:49:19 +0530
Processing by SearchController#index as HTML
  Rendering layout layouts/application.html.erb
  Rendering search/index.html.erb within layouts/application
  Rendered search/index.html.erb within layouts/application (Duration: 0.4ms | Allocations: 139)
  Rendered layout layouts/application.html.erb (Duration: 16.6ms | Allocations: 16560)
Completed 200 OK in 2000ms (Views: 17.3ms | ActiveRecord: 0.0ms | Allocations: 28418)


Started GET "/search" for 127.0.0.1 at 2021-12-25 20:49:53 +0530
Processing by SearchController#index as HTML
Started GET "/search?query=c" for 127.0.0.1 at 2021-12-25 20:49:53 +0530
Processing by SearchController#index as */*
  Parameters: {"query"=>"c"}
Completed 500 Internal Server Error in 256ms (ActiveRecord: 0.0ms | Allocations: 1661)


  
QiUniverse::SDK::Search::Error::InvalidRequestError ({"error"=>{"message"=>"query: the length must be between 3 and 50."}}):
  
app/controllers/search_controller.rb:7:in `index'
  Rendering layout layouts/application.html.erb
  Rendering search/index.html.erb within layouts/application
  Rendered search/index.html.erb within layouts/application (Duration: 0.6ms | Allocations: 139)
  Rendered layout layouts/application.html.erb (Duration: 20.4ms | Allocations: 17563)
Completed 200 OK in 3297ms (Views: 21.4ms | ActiveRecord: 0.0ms | Allocations: 125429)


Started GET "/search?query=con" for 127.0.0.1 at 2021-12-25 20:50:00 +0530
Processing by SearchController#index as */*
  Parameters: {"query"=>"con"}
Started GET "/search?query=cont" for 127.0.0.1 at 2021-12-25 20:50:02 +0530
Processing by SearchController#index as */*
  Parameters: {"query"=>"cont"}
  Rendering layout layouts/application.html.erb
  Rendering search/index.html.erb within layouts/application
  Rendered search/index.html.erb within layouts/application (Duration: 0.6ms | Allocations: 148)
  Rendered layout layouts/application.html.erb (Duration: 5.6ms | Allocations: 2441)
Completed 200 OK in 29780ms (Views: 7.1ms | ActiveRecord: 0.0ms | Allocations: 52578)


Started GET "/search" for 127.0.0.1 at 2021-12-25 20:51:50 +0530
Started GET "/search" for 127.0.0.1 at 2021-12-25 20:52:18 +0530
  [1m[35m (0.4ms)[0m  [1m[34mSELECT sqlite_version(*)[0m
Processing by SearchController#index as HTML
  Rendering layout layouts/application.html.erb
  Rendering search/index.html.erb within layouts/application
  Rendered search/index.html.erb within layouts/application (Duration: 1.0ms | Allocations: 746)
  Rendered layout layouts/application.html.erb (Duration: 88.7ms | Allocations: 44495)
Completed 200 OK in 98ms (Views: 90.8ms | ActiveRecord: 0.0ms | Allocations: 49845)


Started GET "/search" for 127.0.0.1 at 2021-12-25 20:52:47 +0530
Processing by SearchController#index as HTML
  Rendering layout layouts/application.html.erb
  Rendering search/index.html.erb within layouts/application
  Rendered search/index.html.erb within layouts/application (Duration: 0.5ms | Allocations: 139)
  Rendered layout layouts/application.html.erb (Duration: 16.3ms | Allocations: 17005)
Completed 200 OK in 18ms (Views: 17.0ms | ActiveRecord: 0.0ms | Allocations: 17387)


Started GET "/search?query=con" for 127.0.0.1 at 2021-12-25 20:52:54 +0530
Processing by SearchController#index as */*
  Parameters: {"query"=>"con"}
  Rendering layout layouts/application.html.erb
  Rendering search/index.html.erb within layouts/application
  Rendered search/index.html.erb within layouts/application (Duration: 0.6ms | Allocations: 139)
  Rendered layout layouts/application.html.erb (Duration: 5.4ms | Allocations: 2416)
Completed 200 OK in 278ms (Views: 6.2ms | ActiveRecord: 0.0ms | Allocations: 4557)


Started GET "/search" for 127.0.0.1 at 2021-12-25 20:53:23 +0530
Processing by SearchController#index as HTML
  Rendering layout layouts/application.html.erb
  Rendering search/index.html.erb within layouts/application
  Rendered search/index.html.erb within layouts/application (Duration: 0.6ms | Allocations: 139)
  Rendered layout layouts/application.html.erb (Duration: 25.9ms | Allocations: 16458)
Completed 200 OK in 27ms (Views: 26.6ms | ActiveRecord: 0.0ms | Allocations: 16828)


Started GET "/search?query=con" for 127.0.0.1 at 2021-12-25 20:53:28 +0530
Processing by SearchController#index as JSON
  Parameters: {"query"=>"con"}
Started GET "/search?query=cont" for 127.0.0.1 at 2021-12-25 20:53:28 +0530
Processing by SearchController#index as JSON
  Parameters: {"query"=>"cont"}
Completed 200 OK in 267ms (Views: 1.2ms | ActiveRecord: 0.0ms | Allocations: 3876)


Completed 200 OK in 347ms (Views: 1.2ms | ActiveRecord: 0.0ms | Allocations: 4426)


Started GET "/search" for 127.0.0.1 at 2021-12-25 20:54:51 +0530
Processing by SearchController#index as HTML
  Rendering layout layouts/application.html.erb
  Rendering search/index.html.erb within layouts/application
  Rendered search/index.html.erb within layouts/application (Duration: 0.5ms | Allocations: 139)
  Rendered layout layouts/application.html.erb (Duration: 19.6ms | Allocations: 16463)
Completed 200 OK in 21ms (Views: 20.4ms | ActiveRecord: 0.0ms | Allocations: 16833)


Started GET "/search?query=con" for 127.0.0.1 at 2021-12-25 20:54:53 +0530
Processing by SearchController#index as JSON
  Parameters: {"query"=>"con"}
Completed 200 OK in 298ms (Views: 1.3ms | ActiveRecord: 0.0ms | Allocations: 2425)


Started GET "/search" for 127.0.0.1 at 2021-12-25 20:57:15 +0530
Processing by SearchController#index as HTML
  Rendering layout layouts/application.html.erb
  Rendering search/index.html.erb within layouts/application
  Rendered search/index.html.erb within layouts/application (Duration: 0.6ms | Allocations: 139)
  Rendered layout layouts/application.html.erb (Duration: 14.2ms | Allocations: 17043)
Completed 200 OK in 16ms (Views: 15.1ms | ActiveRecord: 0.0ms | Allocations: 17420)


Started GET "/search" for 127.0.0.1 at 2021-12-25 20:57:19 +0530
Processing by SearchController#index as HTML
  Rendering layout layouts/application.html.erb
  Rendering search/index.html.erb within layouts/application
  Rendered search/index.html.erb within layouts/application (Duration: 0.4ms | Allocations: 139)
  Rendered layout layouts/application.html.erb (Duration: 3.9ms | Allocations: 2405)
Completed 200 OK in 5ms (Views: 4.5ms | ActiveRecord: 0.0ms | Allocations: 2775)


Started GET "/search?query=con" for 127.0.0.1 at 2021-12-25 20:57:23 +0530
Processing by SearchController#index as JSON
  Parameters: {"query"=>"con"}
Completed 200 OK in 377ms (Views: 1.4ms | ActiveRecord: 0.0ms | Allocations: 2421)


Started GET "/search?query=cont" for 127.0.0.1 at 2021-12-25 20:57:26 +0530
Processing by SearchController#index as JSON
  Parameters: {"query"=>"cont"}
Completed 200 OK in 239ms (Views: 1.7ms | ActiveRecord: 0.0ms | Allocations: 2316)


Started GET "/search?query=conti" for 127.0.0.1 at 2021-12-25 20:57:27 +0530
Processing by SearchController#index as JSON
  Parameters: {"query"=>"conti"}
Completed 200 OK in 257ms (Views: 0.9ms | ActiveRecord: 0.0ms | Allocations: 1694)


Started GET "/search?query=contine" for 127.0.0.1 at 2021-12-25 20:57:28 +0530
Processing by SearchController#index as JSON
  Parameters: {"query"=>"contine"}
Started GET "/search?query=contine" for 127.0.0.1 at 2021-12-25 20:57:28 +0530
Processing by SearchController#index as JSON
  Parameters: {"query"=>"contine"}
Completed 200 OK in 229ms (Views: 0.5ms | ActiveRecord: 0.0ms | Allocations: 2930)


Completed 200 OK in 286ms (Views: 0.6ms | ActiveRecord: 0.0ms | Allocations: 2630)


Started GET "/search?query=continen" for 127.0.0.1 at 2021-12-25 20:57:29 +0530
Processing by SearchController#index as JSON
  Parameters: {"query"=>"continen"}
Started GET "/search?query=continent" for 127.0.0.1 at 2021-12-25 20:57:29 +0530
Processing by SearchController#index as JSON
  Parameters: {"query"=>"continent"}
Completed 200 OK in 322ms (Views: 0.3ms | ActiveRecord: 0.0ms | Allocations: 2879)


Completed 200 OK in 313ms (Views: 0.4ms | ActiveRecord: 0.0ms | Allocations: 2632)


Started GET "/search?query=continenta" for 127.0.0.1 at 2021-12-25 20:57:29 +0530
Processing by SearchController#index as JSON
  Parameters: {"query"=>"continenta"}
Started GET "/search?query=continental" for 127.0.0.1 at 2021-12-25 20:57:30 +0530
Processing by SearchController#index as JSON
  Parameters: {"query"=>"continental"}
Completed 200 OK in 232ms (Views: 0.4ms | ActiveRecord: 0.0ms | Allocations: 2914)


Completed 200 OK in 113ms (Views: 0.6ms | ActiveRecord: 0.0ms | Allocations: 2617)


Started GET "/search" for 127.0.0.1 at 2021-12-25 20:58:47 +0530
Processing by SearchController#index as HTML
  Rendering layout layouts/application.html.erb
  Rendering search/index.html.erb within layouts/application
  Rendered search/index.html.erb within layouts/application (Duration: 0.4ms | Allocations: 139)
  Rendered layout layouts/application.html.erb (Duration: 17.6ms | Allocations: 16503)
Completed 200 OK in 19ms (Views: 18.3ms | Allocations: 16870)


Started GET "/search?query=con" for 127.0.0.1 at 2021-12-25 20:58:49 +0530
Processing by SearchController#index as JSON
  Parameters: {"query"=>"con"}
Completed 200 OK in 266ms (Views: 1.3ms | Allocations: 2452)


Started GET "/search?query=cont" for 127.0.0.1 at 2021-12-25 20:58:55 +0530
Processing by SearchController#index as JSON
  Parameters: {"query"=>"cont"}
Completed 200 OK in 314ms (Views: 5.1ms | Allocations: 2314)


Started GET "/search?query=conti" for 127.0.0.1 at 2021-12-25 20:58:56 +0530
Processing by SearchController#index as JSON
  Parameters: {"query"=>"conti"}
Completed 200 OK in 250ms (Views: 0.7ms | Allocations: 1698)


Started GET "/search?query=contin" for 127.0.0.1 at 2021-12-25 20:58:58 +0530
Processing by SearchController#index as JSON
  Parameters: {"query"=>"contin"}
Completed 200 OK in 351ms (Views: 0.6ms | Allocations: 1691)


Started GET "/search" for 127.0.0.1 at 2021-12-25 20:59:25 +0530
Processing by SearchController#index as HTML
  Rendering layout layouts/application.html.erb
  Rendering search/index.html.erb within layouts/application
  Rendered search/index.html.erb within layouts/application (Duration: 0.4ms | Allocations: 139)
  Rendered layout layouts/application.html.erb (Duration: 19.1ms | Allocations: 16535)
Completed 200 OK in 21ms (Views: 20.0ms | Allocations: 16903)


Started GET "/search?query=con" for 127.0.0.1 at 2021-12-25 20:59:27 +0530
Processing by SearchController#index as JSON
  Parameters: {"query"=>"con"}
Completed 200 OK in 268ms (Views: 1.3ms | Allocations: 2440)


Started GET "/search?query=coni" for 127.0.0.1 at 2021-12-25 20:59:29 +0530
Processing by SearchController#index as JSON
  Parameters: {"query"=>"coni"}
Completed 200 OK in 234ms (Views: 1.0ms | Allocations: 2422)


Started GET "/search?query=con" for 127.0.0.1 at 2021-12-25 20:59:29 +0530
Processing by SearchController#index as JSON
  Parameters: {"query"=>"con"}
Started GET "/search?query=cont" for 127.0.0.1 at 2021-12-25 20:59:30 +0530
Processing by SearchController#index as JSON
  Parameters: {"query"=>"cont"}
Completed 200 OK in 230ms (Views: 1.6ms | Allocations: 4087)


Started GET "/search?query=conti" for 127.0.0.1 at 2021-12-25 20:59:30 +0530
Processing by SearchController#index as JSON
  Parameters: {"query"=>"conti"}
Completed 200 OK in 109ms (Views: 1.3ms | Allocations: 5778)


Completed 200 OK in 390ms (Views: 0.5ms | Allocations: 3658)


Started GET "/search?query=qua" for 127.0.0.1 at 2021-12-25 20:59:31 +0530
Processing by SearchController#index as JSON
  Parameters: {"query"=>"qua"}
Started GET "/search?query=quan" for 127.0.0.1 at 2021-12-25 20:59:32 +0530
Processing by SearchController#index as JSON
  Parameters: {"query"=>"quan"}
Completed 200 OK in 302ms (Views: 1.4ms | Allocations: 4061)


Completed 200 OK in 218ms (Views: 0.3ms | Allocations: 3439)


Started GET "/search?query=quant" for 127.0.0.1 at 2021-12-25 20:59:34 +0530
Processing by SearchController#index as JSON
  Parameters: {"query"=>"quant"}
Started GET "/search?query=quantu" for 127.0.0.1 at 2021-12-25 20:59:34 +0530
Processing by SearchController#index as JSON
  Parameters: {"query"=>"quantu"}
Completed 200 OK in 240ms (Views: 0.3ms | Allocations: 3021)


Completed 200 OK in 322ms (Views: 0.3ms | Allocations: 2413)


Started GET "/search?query=quantum" for 127.0.0.1 at 2021-12-25 20:59:35 +0530
Processing by SearchController#index as JSON
  Parameters: {"query"=>"quantum"}
Completed 200 OK in 260ms (Views: 0.3ms | Allocations: 1393)


Started GET "/search?query=hot" for 127.0.0.1 at 2021-12-25 20:59:37 +0530
Processing by SearchController#index as JSON
  Parameters: {"query"=>"hot"}
Started GET "/search?query=hote" for 127.0.0.1 at 2021-12-25 20:59:37 +0530
Processing by SearchController#index as JSON
  Parameters: {"query"=>"hote"}
Completed 200 OK in 261ms (Views: 1.3ms | Allocations: 4057)


Completed 200 OK in 335ms (Views: 0.6ms | Allocations: 4481)


Started GET "/search?query=hotel" for 127.0.0.1 at 2021-12-25 20:59:40 +0530
Processing by SearchController#index as JSON
  Parameters: {"query"=>"hotel"}
Completed 200 OK in 296ms (Views: 1.2ms | Allocations: 2415)


Started GET "/search?query=hotelk" for 127.0.0.1 at 2021-12-25 20:59:44 +0530
Processing by SearchController#index as JSON
  Parameters: {"query"=>"hotelk"}
Completed 200 OK in 111ms (Views: 0.3ms | Allocations: 1380)


Started GET "/search?query=hotel" for 127.0.0.1 at 2021-12-25 20:59:45 +0530
Processing by SearchController#index as JSON
  Parameters: {"query"=>"hotel"}
Completed 200 OK in 283ms (Views: 1.7ms | Allocations: 2417)


Started GET "/search?query=kqd" for 127.0.0.1 at 2021-12-25 20:59:52 +0530
Processing by SearchController#index as JSON
  Parameters: {"query"=>"kqd"}
Completed 200 OK in 324ms (Views: 0.3ms | Allocations: 1381)


Started GET "/search?query=kqd=" for 127.0.0.1 at 2021-12-25 20:59:53 +0530
Processing by SearchController#index as JSON
  Parameters: {"query"=>"kqd="}
Completed 200 OK in 311ms (Views: 0.3ms | Allocations: 1399)


Started GET "/search" for 127.0.0.1 at 2021-12-25 20:59:56 +0530
Processing by SearchController#index as HTML
  Rendering layout layouts/application.html.erb
  Rendering search/index.html.erb within layouts/application
  Rendered search/index.html.erb within layouts/application (Duration: 0.3ms | Allocations: 139)
  Rendered layout layouts/application.html.erb (Duration: 3.4ms | Allocations: 2410)
Completed 200 OK in 5ms (Views: 4.4ms | Allocations: 2778)


Started GET "/search?query=ddd" for 127.0.0.1 at 2021-12-25 20:59:58 +0530
Processing by SearchController#index as JSON
  Parameters: {"query"=>"ddd"}
Completed 200 OK in 113ms (Views: 0.3ms | Allocations: 1381)


Started GET "/search?query=dddd" for 127.0.0.1 at 2021-12-25 20:59:59 +0530
Processing by SearchController#index as JSON
  Parameters: {"query"=>"dddd"}
Completed 200 OK in 332ms (Views: 0.3ms | Allocations: 1381)


Started GET "/search" for 127.0.0.1 at 2021-12-25 21:00:35 +0530
Processing by SearchController#index as HTML
  Rendering layout layouts/application.html.erb
  Rendering search/index.html.erb within layouts/application
  Rendered search/index.html.erb within layouts/application (Duration: 1.0ms | Allocations: 139)
  Rendered layout layouts/application.html.erb (Duration: 21.9ms | Allocations: 16492)
Completed 200 OK in 24ms (Views: 22.7ms | Allocations: 16859)


Started GET "/search?query=con" for 127.0.0.1 at 2021-12-25 21:00:38 +0530
Processing by SearchController#index as JSON
  Parameters: {"query"=>"con"}
Completed 200 OK in 246ms (Views: 1.6ms | Allocations: 2418)


Started GET "/search?query=cont" for 127.0.0.1 at 2021-12-25 21:00:39 +0530
Processing by SearchController#index as JSON
  Parameters: {"query"=>"cont"}
Started GET "/search?query=conti" for 127.0.0.1 at 2021-12-25 21:00:39 +0530
Completed 200 OK in 287ms (Views: 1.6ms | Allocations: 2881)


Processing by SearchController#index as JSON
  Parameters: {"query"=>"conti"}
Completed 200 OK in 303ms (Views: 0.7ms | Allocations: 1709)


Started GET "/search?query=contine" for 127.0.0.1 at 2021-12-25 21:00:40 +0530
Processing by SearchController#index as JSON
  Parameters: {"query"=>"contine"}
Started GET "/search?query=contine" for 127.0.0.1 at 2021-12-25 21:00:40 +0530
Processing by SearchController#index as JSON
  Parameters: {"query"=>"contine"}
Completed 200 OK in 226ms (Views: 0.4ms | Allocations: 3153)


Started GET "/search?query=continen" for 127.0.0.1 at 2021-12-25 21:00:40 +0530
Processing by SearchController#index as JSON
  Parameters: {"query"=>"continen"}
Completed 200 OK in 227ms (Views: 0.3ms | Allocations: 4266)


Completed 200 OK in 256ms (Views: 0.6ms | Allocations: 2622)


Started GET "/search?query=continent" for 127.0.0.1 at 2021-12-25 21:00:40 +0530
Processing by SearchController#index as JSON
  Parameters: {"query"=>"continent"}
Started GET "/search?query=continenta" for 127.0.0.1 at 2021-12-25 21:00:40 +0530
Processing by SearchController#index as JSON
  Parameters: {"query"=>"continenta"}
Completed 200 OK in 224ms (Views: 0.3ms | Allocations: 2912)


Started GET "/search?query=continentakl" for 127.0.0.1 at 2021-12-25 21:00:40 +0530
Processing by SearchController#index as JSON
  Parameters: {"query"=>"continentakl"}
Started GET "/search?query=continentakl" for 127.0.0.1 at 2021-12-25 21:00:41 +0530
Processing by SearchController#index as JSON
  Parameters: {"query"=>"continentakl"}
Completed 200 OK in 227ms (Views: 0.6ms | Allocations: 5919)


Completed 200 OK in 101ms (Views: 0.5ms | Allocations: 4172)


Completed 200 OK in 309ms (Views: 0.7ms | Allocations: 3795)


Started GET "/search?query=continentak" for 127.0.0.1 at 2021-12-25 21:00:41 +0530
Processing by SearchController#index as JSON
  Parameters: {"query"=>"continentak"}
Completed 200 OK in 109ms (Views: 0.4ms | Allocations: 1380)


Started GET "/search?query=continenta" for 127.0.0.1 at 2021-12-25 21:00:41 +0530
Processing by SearchController#index as JSON
  Parameters: {"query"=>"continenta"}
Completed 200 OK in 107ms (Views: 0.5ms | Allocations: 1487)


Started GET "/search?query=continental" for 127.0.0.1 at 2021-12-25 21:00:42 +0530
Processing by SearchController#index as JSON
  Parameters: {"query"=>"continental"}
Completed 200 OK in 107ms (Views: 0.4ms | Allocations: 1484)


Started GET "/search?query=conti" for 127.0.0.1 at 2021-12-25 21:00:43 +0530
Processing by SearchController#index as JSON
  Parameters: {"query"=>"conti"}
Completed 200 OK in 236ms (Views: 0.6ms | Allocations: 1691)


Started GET "/search?query=cont" for 127.0.0.1 at 2021-12-25 21:00:43 +0530
Processing by SearchController#index as JSON
  Parameters: {"query"=>"cont"}
Started GET "/search?query=con" for 127.0.0.1 at 2021-12-25 21:00:43 +0530
Processing by SearchController#index as JSON
  Parameters: {"query"=>"con"}
Completed 200 OK in 306ms (Views: 0.6ms | Allocations: 3351)


Completed 200 OK in 309ms (Views: 1.3ms | Allocations: 3956)


Started GET "/search" for 127.0.0.1 at 2021-12-25 21:01:10 +0530
Processing by SearchController#index as HTML
  Rendering layout layouts/application.html.erb
  Rendering search/index.html.erb within layouts/application
  Rendered search/index.html.erb within layouts/application (Duration: 0.3ms | Allocations: 139)
  Rendered layout layouts/application.html.erb (Duration: 18.2ms | Allocations: 16538)
Completed 200 OK in 20ms (Views: 18.9ms | Allocations: 16909)


Started GET "/search?query=con" for 127.0.0.1 at 2021-12-25 21:01:12 +0530
Processing by SearchController#index as JSON
  Parameters: {"query"=>"con"}
Completed 200 OK in 389ms (Views: 1.6ms | Allocations: 2437)


Started GET "/search" for 127.0.0.1 at 2021-12-25 21:01:32 +0530
Processing by SearchController#index as HTML
  Rendering layout layouts/application.html.erb
  Rendering search/index.html.erb within layouts/application
  Rendered search/index.html.erb within layouts/application (Duration: 0.6ms | Allocations: 139)
  Rendered layout layouts/application.html.erb (Duration: 21.9ms | Allocations: 16434)
Completed 200 OK in 23ms (Views: 22.6ms | Allocations: 16801)


Started GET "/search?query=oiu" for 127.0.0.1 at 2021-12-25 21:01:34 +0530
Processing by SearchController#index as JSON
  Parameters: {"query"=>"oiu"}
Completed 200 OK in 307ms (Views: 0.3ms | Allocations: 1381)


Started GET "/search?query=oiuc" for 127.0.0.1 at 2021-12-25 21:01:36 +0530
Processing by SearchController#index as JSON
  Parameters: {"query"=>"oiuc"}
Completed 200 OK in 285ms (Views: 0.3ms | Allocations: 1380)


Started GET "/search" for 127.0.0.1 at 2021-12-25 21:01:57 +0530
Processing by SearchController#index as HTML
  Rendering layout layouts/application.html.erb
  Rendering search/index.html.erb within layouts/application
  Rendered search/index.html.erb within layouts/application (Duration: 0.4ms | Allocations: 139)
  Rendered layout layouts/application.html.erb (Duration: 20.7ms | Allocations: 16455)
Completed 200 OK in 22ms (Views: 21.3ms | Allocations: 16823)


Started GET "/search?query=con" for 127.0.0.1 at 2021-12-25 21:02:01 +0530
Processing by SearchController#index as JSON
  Parameters: {"query"=>"con"}
Completed 200 OK in 304ms (Views: 1.4ms | Allocations: 2418)


Started GET "/search" for 127.0.0.1 at 2021-12-25 21:02:39 +0530
Processing by SearchController#index as HTML
  Rendering layout layouts/application.html.erb
  Rendering search/index.html.erb within layouts/application
  Rendered search/index.html.erb within layouts/application (Duration: 0.4ms | Allocations: 139)
  Rendered layout layouts/application.html.erb (Duration: 18.5ms | Allocations: 16564)
Completed 200 OK in 20ms (Views: 19.0ms | Allocations: 16931)


Started GET "/search?query=con" for 127.0.0.1 at 2021-12-25 21:02:41 +0530
Processing by SearchController#index as JSON
  Parameters: {"query"=>"con"}
Completed 200 OK in 405ms (Views: 1.3ms | Allocations: 2456)


Started GET "/search" for 127.0.0.1 at 2021-12-25 21:03:40 +0530
Processing by SearchController#index as HTML
  Rendering layout layouts/application.html.erb
  Rendering search/index.html.erb within layouts/application
  Rendered search/index.html.erb within layouts/application (Duration: 0.4ms | Allocations: 139)
  Rendered layout layouts/application.html.erb (Duration: 16.1ms | Allocations: 16465)
Completed 200 OK in 18ms (Views: 16.9ms | Allocations: 16832)


Started GET "/search?query=cnh" for 127.0.0.1 at 2021-12-25 21:03:43 +0530
Processing by SearchController#index as JSON
  Parameters: {"query"=>"cnh"}
Completed 200 OK in 270ms (Views: 0.3ms | Allocations: 1382)


Started GET "/search?query=cnhn" for 127.0.0.1 at 2021-12-25 21:03:44 +0530
Processing by SearchController#index as JSON
  Parameters: {"query"=>"cnhn"}
Completed 200 OK in 250ms (Views: 0.3ms | Allocations: 1381)


Started GET "/search?query=cnhnhb" for 127.0.0.1 at 2021-12-25 21:03:44 +0530
Processing by SearchController#index as JSON
  Parameters: {"query"=>"cnhnhb"}
Started GET "/search?query=cnhnhb" for 127.0.0.1 at 2021-12-25 21:03:44 +0530
Processing by SearchController#index as JSON
  Parameters: {"query"=>"cnhnhb"}
Completed 200 OK in 225ms (Views: 0.3ms | Allocations: 3048)


Started GET "/search?query=cnhnhbjhasv" for 127.0.0.1 at 2021-12-25 21:03:45 +0530
Processing by SearchController#index as JSON
  Parameters: {"query"=>"cnhnhbjhasv"}
Started GET "/search?query=cnhnhbjhasv" for 127.0.0.1 at 2021-12-25 21:03:45 +0530
Processing by SearchController#index as JSON
  Parameters: {"query"=>"cnhnhbjhasv"}
Completed 200 OK in 239ms (Views: 0.3ms | Allocations: 5729)


Started GET "/search?query=cnhnhbjhasv" for 127.0.0.1 at 2021-12-25 21:03:45 +0530
Started GET "/search?query=cnhnhbjhasvd" for 127.0.0.1 at 2021-12-25 21:03:45 +0530
Processing by SearchController#index as JSON
Processing by SearchController#index as JSON
  Parameters: {"query"=>"cnhnhbjhasv"}
  Parameters: {"query"=>"cnhnhbjhasvd"}
Started GET "/search?query=cnhnhbjhasvd" for 127.0.0.1 at 2021-12-25 21:03:45 +0530
Processing by SearchController#index as JSON
  Parameters: {"query"=>"cnhnhbjhasvd"}
Completed 200 OK in 106ms (Views: 0.3ms | Allocations: 3771)


Completed 200 OK in 110ms (Views: 0.2ms | Allocations: 4774)


Completed 200 OK in 231ms (Views: 0.3ms | Allocations: 11281)


Completed 200 OK in 221ms (Views: 0.2ms | Allocations: 10864)


Completed 200 OK in 304ms (Views: 0.3ms | Allocations: 5620)


Started GET "/search?query=con" for 127.0.0.1 at 2021-12-25 21:03:46 +0530
Processing by SearchController#index as JSON
  Parameters: {"query"=>"con"}
Completed 200 OK in 114ms (Views: 1.1ms | Allocations: 2418)


Started GET "/search?query=conti" for 127.0.0.1 at 2021-12-25 21:03:47 +0530
Processing by SearchController#index as JSON
  Parameters: {"query"=>"conti"}
Started GET "/search?query=conti" for 127.0.0.1 at 2021-12-25 21:03:47 +0530
Processing by SearchController#index as JSON
  Parameters: {"query"=>"conti"}
Completed 200 OK in 123ms (Views: 0.6ms | Allocations: 3334)


Started GET "/search?query=contine" for 127.0.0.1 at 2021-12-25 21:03:47 +0530
Processing by SearchController#index as JSON
  Parameters: {"query"=>"contine"}
Completed 200 OK in 244ms (Views: 0.6ms | Allocations: 4401)


Completed 200 OK in 110ms (Views: 0.6ms | Allocations: 2825)


Started GET "/search?query=contine" for 127.0.0.1 at 2021-12-25 21:03:47 +0530
Processing by SearchController#index as JSON
  Parameters: {"query"=>"contine"}
Started GET "/search?query=continen" for 127.0.0.1 at 2021-12-25 21:03:47 +0530
Processing by SearchController#index as JSON
  Parameters: {"query"=>"continen"}
Completed 200 OK in 223ms (Views: 0.4ms | Allocations: 3141)


Completed 200 OK in 256ms (Views: 0.4ms | Allocations: 2600)


Started GET "/search?query=conti" for 127.0.0.1 at 2021-12-25 21:03:48 +0530
Processing by SearchController#index as JSON
  Parameters: {"query"=>"conti"}
Completed 200 OK in 112ms (Views: 0.6ms | Allocations: 1691)


Started GET "/search?query=cont" for 127.0.0.1 at 2021-12-25 21:03:49 +0530
Processing by SearchController#index as JSON
  Parameters: {"query"=>"cont"}
Started GET "/search?query=con" for 127.0.0.1 at 2021-12-25 21:03:49 +0530
Processing by SearchController#index as JSON
  Parameters: {"query"=>"con"}
Completed 200 OK in 327ms (Views: 1.0ms | Allocations: 3706)


Completed 200 OK in 329ms (Views: 1.2ms | Allocations: 4378)


Started GET "/search?query=air" for 127.0.0.1 at 2021-12-25 21:03:53 +0530
Processing by SearchController#index as JSON
  Parameters: {"query"=>"air"}
Started GET "/search?query=airp" for 127.0.0.1 at 2021-12-25 21:03:53 +0530
Processing by SearchController#index as JSON
  Parameters: {"query"=>"airp"}
Completed 200 OK in 229ms (Views: 1.6ms | Allocations: 3811)


Started GET "/search?query=airpo" for 127.0.0.1 at 2021-12-25 21:03:53 +0530
Processing by SearchController#index as JSON
  Parameters: {"query"=>"airpo"}
Completed 200 OK in 236ms (Views: 1.3ms | Allocations: 5885)


Completed 200 OK in 350ms (Views: 1.2ms | Allocations: 4504)


Started GET "/search" for 127.0.0.1 at 2021-12-25 21:04:16 +0530
Processing by SearchController#index as HTML
  Rendering layout layouts/application.html.erb
  Rendering search/index.html.erb within layouts/application
  Rendered search/index.html.erb within layouts/application (Duration: 0.6ms | Allocations: 139)
  Rendered layout layouts/application.html.erb (Duration: 21.4ms | Allocations: 16546)
Completed 200 OK in 23ms (Views: 22.1ms | Allocations: 16914)


Started GET "/search?query=con" for 127.0.0.1 at 2021-12-25 21:04:30 +0530
Processing by SearchController#index as JSON
  Parameters: {"query"=>"con"}
Started GET "/search?query=cont" for 127.0.0.1 at 2021-12-25 21:04:30 +0530
Processing by SearchController#index as JSON
  Parameters: {"query"=>"cont"}
Started GET "/search?query=conti" for 127.0.0.1 at 2021-12-25 21:04:30 +0530
Processing by SearchController#index as JSON
  Parameters: {"query"=>"conti"}
Completed 200 OK in 233ms (Views: 1.2ms | Allocations: 5500)


Completed 200 OK in 308ms (Views: 1.3ms | Allocations: 6049)


Completed 200 OK in 241ms (Views: 0.5ms | Allocations: 5716)


  Rendering layout layouts/application.html.erb
  Rendering search/index.html.erb within layouts/application
  Rendered search/index.html.erb within layouts/application (Duration: 5.5ms | Allocations: 367)
  Rendered layout layouts/application.html.erb (Duration: 6.3ms | Allocations: 862)
Completed   in 937692ms (Allocations: 67098)


Started GET "/search" for 127.0.0.1 at 2022-01-06 17:41:06 +0530
  [1m[35m (0.8ms)[0m  [1m[34mSELECT sqlite_version(*)[0m
Processing by SearchController#index as HTML
  Rendering layout layouts/application.html.erb
  Rendering search/index.html.erb within layouts/application
  Rendered search/index.html.erb within layouts/application (Duration: 2.0ms | Allocations: 746)
  Rendered layout layouts/application.html.erb (Duration: 98.7ms | Allocations: 44000)
Completed 200 OK in 111ms (Views: 102.6ms | ActiveRecord: 0.0ms | Allocations: 49351)


Started GET "/search?query=air" for 127.0.0.1 at 2022-01-06 17:41:10 +0530
Processing by SearchController#index as JSON
  Parameters: {"query"=>"air"}
Completed 200 OK in 460ms (Views: 1.3ms | ActiveRecord: 0.0ms | Allocations: 2869)


Started GET "/search?query=air" for 127.0.0.1 at 2022-01-06 17:44:56 +0530
Processing by SearchController#index as JSON
  Parameters: {"query"=>"air"}
Completed 200 OK in 258ms (Views: 0.9ms | ActiveRecord: 0.0ms | Allocations: 2430)


Started GET "/search" for 127.0.0.1 at 2022-01-06 17:56:34 +0530
  [1m[35m (0.7ms)[0m  [1m[34mSELECT sqlite_version(*)[0m
Processing by SearchController#index as HTML
  Rendering layout layouts/application.html.erb
  Rendering search/index.html.erb within layouts/application
  Rendered search/index.html.erb within layouts/application (Duration: 1.1ms | Allocations: 746)
  Rendered layout layouts/application.html.erb (Duration: 73.5ms | Allocations: 37229)
Completed 200 OK in 84ms (Views: 76.0ms | ActiveRecord: 0.0ms | Allocations: 42579)


Started GET "/search?query=jjj" for 127.0.0.1 at 2022-01-06 17:56:37 +0530
Processing by SearchController#index as JSON
  Parameters: {"query"=>"jjj"}
Completed 500 Internal Server Error in 3ms (ActiveRecord: 0.0ms | Allocations: 1052)


  
SocketError (Failed to open TCP connection to api.qinvent.io:443 (getaddrinfo: Temporary failure in name resolution)):
  
app/controllers/search_controller.rb:7:in `index'
Started GET "/search?query=jjjj" for 127.0.0.1 at 2022-01-06 17:56:38 +0530
Processing by SearchController#index as JSON
  Parameters: {"query"=>"jjjj"}
Completed 500 Internal Server Error in 2ms (ActiveRecord: 0.0ms | Allocations: 859)


  
SocketError (Failed to open TCP connection to api.qinvent.io:443 (getaddrinfo: Temporary failure in name resolution)):
  
app/controllers/search_controller.rb:7:in `index'
Started GET "/search?query=jjjjj" for 127.0.0.1 at 2022-01-06 17:56:39 +0530
Processing by SearchController#index as JSON
  Parameters: {"query"=>"jjjjj"}
Completed 500 Internal Server Error in 2ms (ActiveRecord: 0.0ms | Allocations: 854)


  
SocketError (Failed to open TCP connection to api.qinvent.io:443 (getaddrinfo: Temporary failure in name resolution)):
  
app/controllers/search_controller.rb:7:in `index'
Started GET "/search?query=jjjjjj" for 127.0.0.1 at 2022-01-06 17:56:39 +0530
Processing by SearchController#index as JSON
  Parameters: {"query"=>"jjjjjj"}
Completed 500 Internal Server Error in 3ms (ActiveRecord: 0.0ms | Allocations: 858)


  
SocketError (Failed to open TCP connection to api.qinvent.io:443 (getaddrinfo: Temporary failure in name resolution)):
  
app/controllers/search_controller.rb:7:in `index'
Started GET "/search?query=jjjjjjj" for 127.0.0.1 at 2022-01-06 17:56:39 +0530
Processing by SearchController#index as JSON
  Parameters: {"query"=>"jjjjjjj"}
Completed 500 Internal Server Error in 2ms (ActiveRecord: 0.0ms | Allocations: 854)


  
SocketError (Failed to open TCP connection to api.qinvent.io:443 (getaddrinfo: Temporary failure in name resolution)):
  
app/controllers/search_controller.rb:7:in `index'
Started GET "/search?query=jjjjjjjn" for 127.0.0.1 at 2022-01-06 17:56:39 +0530
Processing by SearchController#index as JSON
  Parameters: {"query"=>"jjjjjjjn"}
Completed 500 Internal Server Error in 3ms (ActiveRecord: 0.0ms | Allocations: 2350)


  
SocketError (Failed to open TCP connection to api.qinvent.io:443 (getaddrinfo: Temporary failure in name resolution)):
  
app/controllers/search_controller.rb:7:in `index'
Started GET "/search?query=jjjjjjjnjn" for 127.0.0.1 at 2022-01-06 17:56:40 +0530
Processing by SearchController#index as JSON
  Parameters: {"query"=>"jjjjjjjnjn"}
Completed 500 Internal Server Error in 3ms (ActiveRecord: 0.0ms | Allocations: 2620)


  
SocketError (Failed to open TCP connection to api.qinvent.io:443 (getaddrinfo: Temporary failure in name resolution)):
  
app/controllers/search_controller.rb:7:in `index'
Started GET "/search?query=jjjjjjjnjn" for 127.0.0.1 at 2022-01-06 17:56:40 +0530
Started GET "/search?query=jjjjjjjnjnjn" for 127.0.0.1 at 2022-01-06 17:56:40 +0530
Processing by SearchController#index as JSON
  Parameters: {"query"=>"jjjjjjjnjn"}
Completed 500 Internal Server Error in 5ms (ActiveRecord: 0.0ms | Allocations: 1646)


  
SocketError (Failed to open TCP connection to api.qinvent.io:443 (getaddrinfo: Temporary failure in name resolution)):
  
app/controllers/search_controller.rb:7:in `index'
Processing by SearchController#index as JSON
  Parameters: {"query"=>"jjjjjjjnjnjn"}
Completed 500 Internal Server Error in 9ms (ActiveRecord: 0.0ms | Allocations: 6684)


  
SocketError (Failed to open TCP connection to api.qinvent.io:443 (getaddrinfo: Temporary failure in name resolution)):
  
app/controllers/search_controller.rb:7:in `index'
Started GET "/search?query=jjjjjjjnjnjn" for 127.0.0.1 at 2022-01-06 17:56:40 +0530
Processing by SearchController#index as JSON
  Parameters: {"query"=>"jjjjjjjnjnjn"}
Completed 500 Internal Server Error in 6ms (ActiveRecord: 0.0ms | Allocations: 6984)


  
SocketError (Failed to open TCP connection to api.qinvent.io:443 (getaddrinfo: Temporary failure in name resolution)):
  
app/controllers/search_controller.rb:7:in `index'
Started GET "/search?query=jjjjjjjnjnjnjh" for 127.0.0.1 at 2022-01-06 17:56:41 +0530
Processing by SearchController#index as JSON
  Parameters: {"query"=>"jjjjjjjnjnjnjh"}
Completed 500 Internal Server Error in 6ms (ActiveRecord: 0.0ms | Allocations: 4123)


  
SocketError (Failed to open TCP connection to api.qinvent.io:443 (getaddrinfo: Temporary failure in name resolution)):
  
app/controllers/search_controller.rb:7:in `index'
Started GET "/search?query=jjjjjjjnjnjnjhhvvj" for 127.0.0.1 at 2022-01-06 17:56:41 +0530
Processing by SearchController#index as JSON
  Parameters: {"query"=>"jjjjjjjnjnjnjhhvvj"}
Completed 500 Internal Server Error in 3ms (ActiveRecord: 0.0ms | Allocations: 1930)


  
SocketError (Failed to open TCP connection to api.qinvent.io:443 (getaddrinfo: Temporary failure in name resolution)):
  
app/controllers/search_controller.rb:7:in `index'
Started GET "/search?query=jjjjjjjnjnjnjhhv" for 127.0.0.1 at 2022-01-06 17:56:42 +0530
Processing by SearchController#index as JSON
  Parameters: {"query"=>"jjjjjjjnjnjnjhhv"}
Completed 500 Internal Server Error in 4ms (ActiveRecord: 0.0ms | Allocations: 3112)


  
SocketError (Failed to open TCP connection to api.qinvent.io:443 (getaddrinfo: Temporary failure in name resolution)):
  
app/controllers/search_controller.rb:7:in `index'
Started GET "/search?query=jjjjjjjnjnjnjh" for 127.0.0.1 at 2022-01-06 17:56:42 +0530
Processing by SearchController#index as JSON
  Parameters: {"query"=>"jjjjjjjnjnjnjh"}
Completed 500 Internal Server Error in 4ms (ActiveRecord: 0.0ms | Allocations: 1833)


  
SocketError (Failed to open TCP connection to api.qinvent.io:443 (getaddrinfo: Temporary failure in name resolution)):
  
app/controllers/search_controller.rb:7:in `index'
Started GET "/search?query=jjjjjjjnjnjnjhhv" for 127.0.0.1 at 2022-01-06 17:56:42 +0530
Processing by SearchController#index as JSON
  Parameters: {"query"=>"jjjjjjjnjnjnjhhv"}
Completed 500 Internal Server Error in 12ms (ActiveRecord: 0.0ms | Allocations: 8022)


  
SocketError (Failed to open TCP connection to api.qinvent.io:443 (getaddrinfo: Temporary failure in name resolution)):
  
app/controllers/search_controller.rb:7:in `index'
Started GET "/search?query=jjjjjjjnjnjnjhhvvj" for 127.0.0.1 at 2022-01-06 17:56:42 +0530
Processing by SearchController#index as JSON
  Parameters: {"query"=>"jjjjjjjnjnjnjhhvvj"}
Completed 500 Internal Server Error in 4ms (ActiveRecord: 0.0ms | Allocations: 5425)


  
SocketError (Failed to open TCP connection to api.qinvent.io:443 (getaddrinfo: Temporary failure in name resolution)):
  
app/controllers/search_controller.rb:7:in `index'
Started GET "/search?query=nda" for 127.0.0.1 at 2022-01-06 17:56:43 +0530
Processing by SearchController#index as JSON
  Parameters: {"query"=>"nda"}
Completed 500 Internal Server Error in 2ms (ActiveRecord: 0.0ms | Allocations: 856)


  
SocketError (Failed to open TCP connection to api.qinvent.io:443 (getaddrinfo: Temporary failure in name resolution)):
  
app/controllers/search_controller.rb:7:in `index'
Started GET "/search?query=ndaskj" for 127.0.0.1 at 2022-01-06 17:56:43 +0530
Processing by SearchController#index as JSON
  Parameters: {"query"=>"ndaskj"}
Completed 500 Internal Server Error in 3ms (ActiveRecord: 0.0ms | Allocations: 2341)


  
SocketError (Failed to open TCP connection to api.qinvent.io:443 (getaddrinfo: Temporary failure in name resolution)):
  
app/controllers/search_controller.rb:7:in `index'
Started GET "/search?query=ndaskj" for 127.0.0.1 at 2022-01-06 17:56:44 +0530
Started GET "/search?query=ndaskj" for 127.0.0.1 at 2022-01-06 17:56:44 +0530
Started GET "/search?query=ndaskjn" for 127.0.0.1 at 2022-01-06 17:56:44 +0530
Processing by SearchController#index as JSON
  Parameters: {"query"=>"ndaskj"}
Completed 500 Internal Server Error in 5ms (ActiveRecord: 0.0ms | Allocations: 4157)


  
SocketError (Failed to open TCP connection to api.qinvent.io:443 (getaddrinfo: Temporary failure in name resolution)):
  
app/controllers/search_controller.rb:7:in `index'
Processing by SearchController#index as JSON
  Parameters: {"query"=>"ndaskj"}
Completed 500 Internal Server Error in 4ms (ActiveRecord: 0.0ms | Allocations: 3735)


  
SocketError (Failed to open TCP connection to api.qinvent.io:443 (getaddrinfo: Temporary failure in name resolution)):
  
app/controllers/search_controller.rb:7:in `index'
Processing by SearchController#index as JSON
  Parameters: {"query"=>"ndaskjn"}
Completed 500 Internal Server Error in 8ms (ActiveRecord: 0.0ms | Allocations: 8157)


  
SocketError (Failed to open TCP connection to api.qinvent.io:443 (getaddrinfo: Temporary failure in name resolution)):
  
app/controllers/search_controller.rb:7:in `index'
Started GET "/search?query=ndaskjndjkankjn" for 127.0.0.1 at 2022-01-06 17:56:44 +0530
Started GET "/search?query=ndaskjndjkan" for 127.0.0.1 at 2022-01-06 17:56:45 +0530
Processing by SearchController#index as JSON
  Parameters: {"query"=>"ndaskjndjkankjn"}
Completed 500 Internal Server Error in 118ms (ActiveRecord: 0.0ms | Allocations: 78241)


  
SocketError (Failed to open TCP connection to api.qinvent.io:443 (getaddrinfo: Temporary failure in name resolution)):
  
app/controllers/search_controller.rb:7:in `index'
Processing by SearchController#index as JSON
  Parameters: {"query"=>"ndaskjndjkan"}
Completed 500 Internal Server Error in 9ms (ActiveRecord: 0.0ms | Allocations: 4604)


  
SocketError (Failed to open TCP connection to api.qinvent.io:443 (getaddrinfo: Temporary failure in name resolution)):
  
app/controllers/search_controller.rb:7:in `index'
Started GET "/search?query=ndaskjndjkankjnkn" for 127.0.0.1 at 2022-01-06 17:56:45 +0530
Started GET "/search?query=ndaskjndjkankjnknkjnkjnk" for 127.0.0.1 at 2022-01-06 17:56:45 +0530
Started GET "/search?query=ndaskjndjkankjnknkjnkjn" for 127.0.0.1 at 2022-01-06 17:56:45 +0530
Processing by SearchController#index as JSON
  Parameters: {"query"=>"ndaskjndjkankjnkn"}
Completed 500 Internal Server Error in 8ms (ActiveRecord: 0.0ms | Allocations: 2669)


  
SocketError (Failed to open TCP connection to api.qinvent.io:443 (getaddrinfo: Temporary failure in name resolution)):
  
app/controllers/search_controller.rb:7:in `index'
Processing by SearchController#index as JSON
  Parameters: {"query"=>"ndaskjndjkankjnknkjnkjnk"}
Completed 500 Internal Server Error in 8ms (ActiveRecord: 0.0ms | Allocations: 5048)


  
SocketError (Failed to open TCP connection to api.qinvent.io:443 (getaddrinfo: Temporary failure in name resolution)):
  
app/controllers/search_controller.rb:7:in `index'
Processing by SearchController#index as JSON
  Parameters: {"query"=>"ndaskjndjkankjnknkjnkjn"}
Completed 500 Internal Server Error in 6ms (ActiveRecord: 0.0ms | Allocations: 9475)


  
SocketError (Failed to open TCP connection to api.qinvent.io:443 (getaddrinfo: Temporary failure in name resolution)):
  
app/controllers/search_controller.rb:7:in `index'
Started GET "/search?query=ndaskjndjkankjnkn" for 127.0.0.1 at 2022-01-06 17:56:46 +0530
Started GET "/search?query=ndaskjndjkankjnknkjnkjn" for 127.0.0.1 at 2022-01-06 17:56:46 +0530
Processing by SearchController#index as JSON
  Parameters: {"query"=>"ndaskjndjkankjnkn"}
Completed 500 Internal Server Error in 6ms (ActiveRecord: 0.0ms | Allocations: 2870)


  
SocketError (Failed to open TCP connection to api.qinvent.io:443 (getaddrinfo: Temporary failure in name resolution)):
  
app/controllers/search_controller.rb:7:in `index'
Processing by SearchController#index as JSON
  Parameters: {"query"=>"ndaskjndjkankjnknkjnkjn"}
Completed 500 Internal Server Error in 6ms (ActiveRecord: 0.0ms | Allocations: 5074)


  
SocketError (Failed to open TCP connection to api.qinvent.io:443 (getaddrinfo: Temporary failure in name resolution)):
  
app/controllers/search_controller.rb:7:in `index'
Started GET "/search?query=ndaskjndjkankjn" for 127.0.0.1 at 2022-01-06 17:56:47 +0530
Started GET "/search?query=ndaskjndjkankjnknkjnkjn" for 127.0.0.1 at 2022-01-06 17:56:47 +0530
Started GET "/search?query=ndaskjndjkankjn" for 127.0.0.1 at 2022-01-06 17:56:47 +0530
Processing by SearchController#index as JSON
  Parameters: {"query"=>"ndaskjndjkankjn"}
Completed 500 Internal Server Error in 5ms (ActiveRecord: 0.0ms | Allocations: 4372)


  
SocketError (Failed to open TCP connection to api.qinvent.io:443 (getaddrinfo: Temporary failure in name resolution)):
  
app/controllers/search_controller.rb:7:in `index'
Processing by SearchController#index as JSON
  Parameters: {"query"=>"ndaskjndjkankjnknkjnkjn"}
Completed 500 Internal Server Error in 7ms (ActiveRecord: 0.0ms | Allocations: 5539)


  
SocketError (Failed to open TCP connection to api.qinvent.io:443 (getaddrinfo: Temporary failure in name resolution)):
  
app/controllers/search_controller.rb:7:in `index'
Processing by SearchController#index as JSON
  Parameters: {"query"=>"ndaskjndjkankjn"}
Completed 500 Internal Server Error in 5ms (ActiveRecord: 0.0ms | Allocations: 2126)


  
SocketError (Failed to open TCP connection to api.qinvent.io:443 (getaddrinfo: Temporary failure in name resolution)):
  
app/controllers/search_controller.rb:7:in `index'
Started GET "/search?query=ndaskjndjkan" for 127.0.0.1 at 2022-01-06 17:56:48 +0530
Started GET "/search?query=ndaskjndjkankjnknkjn" for 127.0.0.1 at 2022-01-06 17:56:48 +0530
Processing by SearchController#index as JSON
  Parameters: {"query"=>"ndaskjndjkan"}
Completed 500 Internal Server Error in 5ms (ActiveRecord: 0.0ms | Allocations: 3665)


  
SocketError (Failed to open TCP connection to api.qinvent.io:443 (getaddrinfo: Temporary failure in name resolution)):
  
app/controllers/search_controller.rb:7:in `index'
Processing by SearchController#index as JSON
  Parameters: {"query"=>"ndaskjndjkankjnknkjn"}
Completed 500 Internal Server Error in 5ms (ActiveRecord: 0.0ms | Allocations: 2826)


  
SocketError (Failed to open TCP connection to api.qinvent.io:443 (getaddrinfo: Temporary failure in name resolution)):
  
app/controllers/search_controller.rb:7:in `index'
Started GET "/search" for 127.0.0.1 at 2022-01-06 17:56:49 +0530
Processing by SearchController#index as HTML
  Rendering layout layouts/application.html.erb
  Rendering search/index.html.erb within layouts/application
  Rendered search/index.html.erb within layouts/application (Duration: 0.5ms | Allocations: 156)
  Rendered layout layouts/application.html.erb (Duration: 17.4ms | Allocations: 12909)
Completed 200 OK in 22ms (Views: 19.2ms | ActiveRecord: 0.0ms | Allocations: 15095)


Started GET "/" for 127.0.0.1 at 2022-01-06 17:57:05 +0530
Processing by HelloController#index as HTML
  Rendering layout layouts/application.html.erb
  Rendering hello/index.html.erb within layouts/application
  Rendered hello/index.html.erb within layouts/application (Duration: 0.7ms | Allocations: 127)
  Rendered layout layouts/application.html.erb (Duration: 3.6ms | Allocations: 2484)
Completed 200 OK in 6ms (Views: 4.8ms | ActiveRecord: 0.0ms | Allocations: 3353)


Started GET "/" for 127.0.0.1 at 2022-01-06 17:58:18 +0530
  [1m[35m (0.8ms)[0m  [1m[34mSELECT sqlite_version(*)[0m
Processing by HelloController#index as HTML
  Rendering layout layouts/application.html.erb
  Rendering hello/index.html.erb within layouts/application
  Rendered hello/index.html.erb within layouts/application (Duration: 0.6ms | Allocations: 376)
  Rendered layout layouts/application.html.erb (Duration: 75.2ms | Allocations: 36969)
Completed 200 OK in 84ms (Views: 77.0ms | ActiveRecord: 0.0ms | Allocations: 42226)


Started GET "/" for 127.0.0.1 at 2022-01-06 18:00:52 +0530
Processing by HelloController#index as HTML
  Rendering layout layouts/application.html.erb
  Rendering hello/index.html.erb within layouts/application
  Rendered hello/index.html.erb within layouts/application (Duration: 0.1ms | Allocations: 15)
  Rendered layout layouts/application.html.erb (Duration: 5.0ms | Allocations: 2279)
Completed 200 OK in 6ms (Views: 5.7ms | ActiveRecord: 0.0ms | Allocations: 2606)


Started GET "/" for 127.0.0.1 at 2022-01-06 18:01:55 +0530
  [1m[35m (1.5ms)[0m  [1m[34mSELECT sqlite_version(*)[0m
Processing by HelloController#index as HTML
  Rendering layout layouts/application.html.erb
  Rendering hello/index.html.erb within layouts/application
  Rendered hello/index.html.erb within layouts/application (Duration: 2.1ms | Allocations: 480)
  Rendered layout layouts/application.html.erb (Duration: 259.7ms | Allocations: 96990)
Completed 200 OK in 273ms (Views: 264.3ms | ActiveRecord: 0.0ms | Allocations: 103404)


Started GET "/" for 127.0.0.1 at 2022-01-06 18:04:21 +0530
  [1m[35m (1.0ms)[0m  [1m[34mSELECT sqlite_version(*)[0m
Processing by HelloController#index as HTML
  Rendering layout layouts/application.html.erb
  Rendering hello/index.html.erb within layouts/application
  Rendered hello/index.html.erb within layouts/application (Duration: 1.7ms | Allocations: 480)
  Rendered layout layouts/application.html.erb (Duration: 271.0ms | Allocations: 97009)
Completed 200 OK in 283ms (Views: 274.5ms | ActiveRecord: 0.0ms | Allocations: 103423)


Started GET "/" for 127.0.0.1 at 2022-02-03 18:56:03 +0530
  [1m[35m (1.0ms)[0m  [1m[34mSELECT sqlite_version(*)[0m
Processing by HelloController#index as HTML
  Rendering layout layouts/application.html.erb
  Rendering hello/index.html.erb within layouts/application
  Rendered hello/index.html.erb within layouts/application (Duration: 0.9ms | Allocations: 376)
  Rendered layout layouts/application.html.erb (Duration: 85.7ms | Allocations: 42634)
Completed 200 OK in 98ms (Views: 89.8ms | ActiveRecord: 0.0ms | Allocations: 47890)


Started GET "/search" for 127.0.0.1 at 2022-02-03 18:56:08 +0530
Processing by SearchController#index as HTML
  Rendering layout layouts/application.html.erb
  Rendering search/index.html.erb within layouts/application
  Rendered search/index.html.erb within layouts/application (Duration: 1.5ms | Allocations: 463)
  Rendered layout layouts/application.html.erb (Duration: 4.3ms | Allocations: 2833)
Completed 200 OK in 8ms (Views: 6.5ms | ActiveRecord: 0.0ms | Allocations: 3786)


Started GET "/search?query=dnn" for 127.0.0.1 at 2022-02-03 18:56:11 +0530
Processing by SearchController#index as JSON
  Parameters: {"query"=>"dnn"}
Completed 200 OK in 561ms (Views: 0.3ms | ActiveRecord: 0.0ms | Allocations: 1823)


Started GET "/search?query=air" for 127.0.0.1 at 2022-02-03 18:56:15 +0530
Processing by SearchController#index as JSON
  Parameters: {"query"=>"air"}
Started GET "/search?query=airpo" for 127.0.0.1 at 2022-02-03 18:56:15 +0530
Processing by SearchController#index as JSON
  Parameters: {"query"=>"airpo"}
Completed 200 OK in 439ms (Views: 1.6ms | ActiveRecord: 0.0ms | Allocations: 3829)


Started GET "/search?query=airpo" for 127.0.0.1 at 2022-02-03 18:56:15 +0530
Processing by SearchController#index as JSON
  Parameters: {"query"=>"airpo"}
Completed 200 OK in 365ms (Views: 1.3ms | ActiveRecord: 0.0ms | Allocations: 6156)


Completed 200 OK in 355ms (Views: 1.3ms | ActiveRecord: 0.0ms | Allocations: 4762)


